Resource Usage Report for M2sExt 

Mapping to part: m2s010fbga484std
Cell usage:
CCC             1 use
CLKINT          2 uses
INV             20 uses
MSS_010         1 use
OR3             38 uses
SYSRESET        1 use
CFG1           137 uses
CFG2           1404 uses
CFG3           1986 uses
CFG4           3864 uses

Carry primitives used for arithmetic functions:
ARI1           624 uses


Sequential Cells: 
SLE            4530 uses

DSP Blocks:    0

I/O ports: 87
I/O primitives: 86
BIBUF          28 uses
INBUF          22 uses
OUTBUF         35 uses
TRIBUFF        1 use


Global Clock Buffers: 2


Total LUTs:    8015

Extra resources required for RAM and MACC interface logic during P&R:

RAM64x18 Interface Logic : SLEs = 756; LUTs = 756;
RAM1K18  Interface Logic : SLEs = 0; LUTs = 0;
MACC     Interface Logic : SLEs = 0; LUTs = 0;

Total number of SLEs after P&R:  4530 + 756 + 0 + 0 = 5286;
Total number of LUTs after P&R:  8015 + 756 + 0 + 0 = 8771;

