Compile Report
Microsemi Corporation - Microsemi Libero Software Release v11.7 (Version 11.7.0.119)
Date: Wed Jan 18 23:29:23 2017

Device Selection
+--------------------------------+----------------+
| Family                         | SmartFusion2   |
| Device                         | M2S010         |
| Package                        | 484 FBGA       |
| Speed Grade                    | STD            |
| Temp                           | -40:25:100     |
| Voltage                        | 1.26:1.20:1.14 |
| Core Voltage                   | 1.2V           |
| Ramp Rate                      | 100ms Minimum  |
| System Controller Suspend Mode | No             |
| PLL Supply Voltage             | 3.3V           |
| Default I/O technology         | LVCMOS 3.3V    |
| Restrict Probe Pins            | No             |
| Restrict SPI Pins              | No             |
+--------------------------------+----------------+

Source Files
+---------+---------------------------------------------------------------------------+
| Topcell | M2sExt                                                                    |
| Format  | EDIF                                                                      |
| Source  | C:\Users\AndersonHan\Desktop\USBSimBoard\Fpga\synthesis\M2sExt.edn        |
| Source  | C:\Users\AndersonHan\Desktop\USBSimBoard\Fpga\constraint\io\M2sExt.io.pdc |
| Source  | C:\Users\AndersonHan\Desktop\USBSimBoard\Fpga\constraint\fp\M2sExt.fp.pdc |
+---------+---------------------------------------------------------------------------+

Options
+---------------------------------------------------------+-------+
| Merge User SDC file(s) with Existing Timing Constraints | true  |
| Abort Compile if errors are found in PDC file(s)        | true  |
| Enable Single Event Transient mitigation                | false |
| Enable Design Separation Methodology                    | false |
| Limit the number of high fanout nets to display to      | 10    |
+---------------------------------------------------------+-------+

Resource Usage
+---------------------------+------+-------+------------+
| Type                      | Used | Total | Percentage |
+---------------------------+------+-------+------------+
| 4LUT                      | 3163 | 12084 | 26.18      |
| DFF                       | 1249 | 12084 | 10.34      |
| I/O Register              | 0    | 699   | 0.00       |
| User I/O                  | 46   | 233   | 19.74      |
| -- Single-ended I/O       | 46   | 233   | 19.74      |
| -- Differential I/O Pairs | 0    | 116   | 0.00       |
| RAM64x18                  | 1    | 22    | 4.55       |
| RAM1K18                   | 0    | 21    | 0.00       |
| MACC                      | 0    | 22    | 0.00       |
| Chip Globals              | 2    | 8     | 25.00      |
| CCC                       | 1    | 2     | 50.00      |
| RCOSC_25_50MHZ            | 0    | 1     | 0.00       |
| RCOSC_1MHZ                | 0    | 1     | 0.00       |
| XTLOSC                    | 0    | 1     | 0.00       |
| MSS                       | 1    | 1     | 100.00     |
+---------------------------+------+-------+------------+

Detailed Logic Resource Usage
+--------------------------+------+------+
| Type                     | 4LUT | DFF  |
+--------------------------+------+------+
| Fabric Logic             | 3127 | 1213 |
| RAM64x18 Interface Logic | 36   | 36   |
| RAM1K18 Interface Logic  | 0    | 0    |
| MACC Interface Logic     | 0    | 0    |
| Total Used               | 3163 | 1249 |
+--------------------------+------+------+

MSS Resource Usage
+---------------+------+-------+
| Type          | Used | Total |
+---------------+------+-------+
| Cortex-M3*    | 1    | 1     |
| eNVM (256KB)* | 1    | 1     |
| eSRAM*        | 2    | 2     |
| TIMER*        | 2    | 2     |
| CAN           | 0    | 1     |
| SPI           | 0    | 2     |
| I2C           | 0    | 2     |
| UART          | 0    | 2     |
| USB           | 1    | 1     |
| MAC           | 0    | 1     |
| MDDR          | 0    | 1     |
| HPDMA         | 0    | 1     |
| PDMA          | 1    | 1     |
+---------------+------+-------+

* These resources are always marked as used when you are using the MSS

I/O Function
+-------------------------------+--------------+-------------+-----------------+
| Type                          | w/o register | w/ register | w/ DDR register |
+-------------------------------+--------------+-------------+-----------------+
| Input I/O                     | 20           | 0           | 0               |
| Output I/O                    | 4            | 0           | 0               |
| Bidirectional I/O             | 22           | 0           | 0               |
| Differential Input I/O Pairs  | 0            | 0           | 0               |
| Differential Output I/O Pairs | 0            | 0           | 0               |
+-------------------------------+--------------+-------------+-----------------+

I/O Technology
+--------------+--------+------+-------+--------+---------------+
| I/O Standard | Vddi   | Vref | Input | Output | Bidirectional |
+--------------+--------+------+-------+--------+---------------+
| LVCMOS33     |  3.30v |  N/A |  7    |  4     |  22           |
| LVCMOS18     |  1.80v |  N/A |  13   |  0     |  0            |
+--------------+--------+------+-------+--------+---------------+

I/O Placement
+----------+-------+------------+
| Type     | Count | Percentage |
+----------+-------+------------+
| Locked   |  46   | 100.00%    |
| Placed   |  0    | 0.00%      |
| UnPlaced |  0    | 0.00%      |
+----------+-------+------------+

Nets assigned to chip global resources
+--------+---------+---------------------------------------------------------------------+
| Fanout | Type    | Name                                                                |
+--------+---------+---------------------------------------------------------------------+
| 1216   | INT_NET | Net   : M2sExt_sb_0/FAB_CCC_GL0                                     |
|        |         | Driver: M2sExt_sb_0/CCC_0/GL0_INST/U0_RGB1                          |
|        |         | Source: NETLIST                                                     |
| 1204   | INT_NET | Net   : M2sExt_sb_0/MSS_READY                                       |
|        |         | Driver: M2sExt_sb_0/CORERESETP_0/MSS_HPMS_READY_int_RNILPQ3/U0_RGB1 |
|        |         | Source: NETLIST                                                     |
+--------+---------+---------------------------------------------------------------------+

Nets assigned to row global resources
+--------+------+------+
| Fanout | Type | Name |
+--------+------+------+
+--------+------+------+

High fanout nets
+--------+---------+--------------------------------------------------------------+
| Fanout | Type    | Name                                                         |
+--------+---------+--------------------------------------------------------------+
| 129    | INT_NET | Net   : M2sExt_sb_0/CoreAPB3_0_APBmslave0_PADDR[3]           |
|        |         | Driver: M2sExt_sb_0/M2sExt_sb_MSS_0/MSS_ADLIB_INST           |
| 116    | INT_NET | Net   : M2sExt_sb_0/CoreAPB3_0_APBmslave0_PADDR[2]           |
|        |         | Driver: M2sExt_sb_0/M2sExt_sb_MSS_0/MSS_ADLIB_INST           |
| 78     | INT_NET | Net   : M2sExt_sb_0/CoreAPB3_0_APBmslave0_PADDR[4]           |
|        |         | Driver: M2sExt_sb_0/M2sExt_sb_MSS_0/MSS_ADLIB_INST           |
| 73     | INT_NET | Net   : M2sExt_sb_0/CoreAPB3_0_APBmslave0_PWDATA[7]          |
|        |         | Driver: M2sExt_sb_0/M2sExt_sb_MSS_0/MSS_ADLIB_INST           |
| 64     | INT_NET | Net   : M2sExt_sb_0/CoreGPIO_0_0/N_65                        |
|        |         | Driver: M2sExt_sb_0/CoreGPIO_0_0/INTR_reg_0_sqmuxa_0_o2      |
| 60     | INT_NET | Net   : M2sExt_sb_0/CoreGPIO_0_0/un9_psel                    |
|        |         | Driver: M2sExt_sb_0/CoreGPIO_0_0/GEN_BITS.0.REG_GEN.un9_psel |
| 59     | INT_NET | Net   : M2sExt_sb_0/CoreAPB3_0_APBmslave0_PWDATA[5]          |
|        |         | Driver: M2sExt_sb_0/M2sExt_sb_MSS_0/MSS_ADLIB_INST           |
| 59     | INT_NET | Net   : M2sExt_sb_0/CoreAPB3_0_APBmslave0_PWDATA[6]          |
|        |         | Driver: M2sExt_sb_0/M2sExt_sb_MSS_0/MSS_ADLIB_INST           |
| 57     | INT_NET | Net   : M2sExt_sb_0/CoreAPB3_0_APBmslave0_PWDATA[3]          |
|        |         | Driver: M2sExt_sb_0/M2sExt_sb_MSS_0/MSS_ADLIB_INST           |
| 46     | INT_NET | Net   : M2sExt_sb_0/CoreAPB3_0_APBmslave0_PADDR[5]           |
|        |         | Driver: M2sExt_sb_0/M2sExt_sb_MSS_0/MSS_ADLIB_INST           |
+--------+---------+--------------------------------------------------------------+

High fanout nets (through buffer trees)
+--------+---------+--------------------------------------------------------------+
| Fanout | Type    | Name                                                         |
+--------+---------+--------------------------------------------------------------+
| 129    | INT_NET | Net   : M2sExt_sb_0/CoreAPB3_0_APBmslave0_PADDR[3]           |
|        |         | Driver: M2sExt_sb_0/M2sExt_sb_MSS_0/MSS_ADLIB_INST           |
| 116    | INT_NET | Net   : M2sExt_sb_0/CoreAPB3_0_APBmslave0_PADDR[2]           |
|        |         | Driver: M2sExt_sb_0/M2sExt_sb_MSS_0/MSS_ADLIB_INST           |
| 78     | INT_NET | Net   : M2sExt_sb_0/CoreAPB3_0_APBmslave0_PADDR[4]           |
|        |         | Driver: M2sExt_sb_0/M2sExt_sb_MSS_0/MSS_ADLIB_INST           |
| 73     | INT_NET | Net   : M2sExt_sb_0/CoreAPB3_0_APBmslave0_PWDATA[7]          |
|        |         | Driver: M2sExt_sb_0/M2sExt_sb_MSS_0/MSS_ADLIB_INST           |
| 64     | INT_NET | Net   : M2sExt_sb_0/CoreGPIO_0_0/N_65                        |
|        |         | Driver: M2sExt_sb_0/CoreGPIO_0_0/INTR_reg_0_sqmuxa_0_o2      |
| 60     | INT_NET | Net   : M2sExt_sb_0/CoreGPIO_0_0/un9_psel                    |
|        |         | Driver: M2sExt_sb_0/CoreGPIO_0_0/GEN_BITS.0.REG_GEN.un9_psel |
| 59     | INT_NET | Net   : M2sExt_sb_0/CoreAPB3_0_APBmslave0_PWDATA[5]          |
|        |         | Driver: M2sExt_sb_0/M2sExt_sb_MSS_0/MSS_ADLIB_INST           |
| 59     | INT_NET | Net   : M2sExt_sb_0/CoreAPB3_0_APBmslave0_PWDATA[6]          |
|        |         | Driver: M2sExt_sb_0/M2sExt_sb_MSS_0/MSS_ADLIB_INST           |
| 57     | INT_NET | Net   : M2sExt_sb_0/CoreAPB3_0_APBmslave0_PWDATA[3]          |
|        |         | Driver: M2sExt_sb_0/M2sExt_sb_MSS_0/MSS_ADLIB_INST           |
| 46     | INT_NET | Net   : M2sExt_sb_0/CoreAPB3_0_APBmslave0_PADDR[5]           |
|        |         | Driver: M2sExt_sb_0/M2sExt_sb_MSS_0/MSS_ADLIB_INST           |
+--------+---------+--------------------------------------------------------------+

