Software Version: 11.7.0.119
Driver : 3.0.0 build 1
programmer '66596' : FlashPro4
Opened 'C:/Users/AndersonHan/Desktop/BentoBox/Fpga/designer/M2sExt/M2sExt_fp/M2sExt.pro'
The 'open_project' command succeeded.
IPD file 'C:/Users/AndersonHan/Desktop/BentoBox/Fpga/designer/M2sExt/M2sExt.ipd' has been loaded successfully.
DESIGN : M2sExt;  CHECKSUM : 0AA5;  PDB_VERSION : 1.9
The 'set_programming_file' command succeeded.
Warning: Programming is already enabled for device 'M2S010'.
The 'enable_device' command succeeded.
The 'set_programming_action' command succeeded.
programmer '66596' : Scan Chain...
Warning: programmer '66596' : Vpump has been selected on programmer AND an externally provided Vpump has also been detected. Using externally provided Vpump voltage source.
programmer '66596' : Check Chain...
programmer '66596' : Scan and Check Chain PASSED.
programmer '66596' : device 'M2S010' : Executing action PROGRAM
programmer '66596' : device 'M2S010' : EXPORT ISC_ENABLE_RESULT[32] = 00796844
programmer '66596' : device 'M2S010' : EXPORT CRCERR: [1] = 0
programmer '66596' : device 'M2S010' : EXPORT EDCERR: [1] = 0
programmer '66596' : device 'M2S010' : TEMPGRADE: ROOM
programmer '66596' : device 'M2S010' : EXPORT VPPRANGE: [3] = 2
programmer '66596' : device 'M2S010' : VPPRANGE: HIGH
programmer '66596' : device 'M2S010' : EXPORT TEMP: [8] = 68
programmer '66596' : device 'M2S010' : EXPORT VPP: [8] = 79
programmer '66596' : device 'M2S010' : Programming FPGA Array and eNVM...
programmer '66596' : device 'M2S010' : ===================================================================================
programmer '66596' : device 'M2S010' : EXPORT DSN[128] = 03e8aa010000cd5a00000017002d0028
programmer '66596' : device 'M2S010' : ===================================================================================
programmer '66596' : device 'M2S010' : Finished: Mon Oct 10 11:41:06 2016 (Elapsed time 00:01:04)
programmer '66596' : device 'M2S010' : Executing action PROGRAM PASSED.
programmer '66596' : Chain programming PASSED.
Chain Programming Finished: Mon Oct 10 11:41:06 2016 (Elapsed time 00:01:04)

                        o - o - o - o - o - o

The 'run_selected_actions' command succeeded.
The 'set_programming_file' command succeeded.
Project saved.
The 'save_project' command succeeded.
Project closed.
