


ARM Macro Assembler    Page 1 


    1 00000000         ;*******************************************************
                       ************************
    2 00000000         ; (c) Copyright 2015 Microsemi SoC Products Group. All r
                       ights reserved.
    3 00000000         ;  SmartFusion2  startup code for Keil-MDK.
    4 00000000         ; 
    5 00000000         ;  SmartFusion2 vector table and startup code for ARM to
                       ol chain.
    6 00000000         ; 
    7 00000000         ;  SVN $Revision: 7683 $
    8 00000000         ;  SVN $Date: 2015-08-21 17:06:30 +0100 (Fri, 21 Aug 201
                       5) $
    9 00000000         ;
   10 00000000         
   11 00000000         ; *------- <<< Use Configuration Wizard in Context Menu 
                       >>> ------------------
   12 00000000         
   13 00000000         
   14 00000000         ; <h> Stack Configuration
   15 00000000         ;   <o> Stack Size (in Bytes) <0x0-0xFFFFFFFF:8>
   16 00000000         ; </h>
   17 00000000         
   18 00000000 00001000 
                       Stack_Size
                               EQU              0x00001000
   19 00000000         
   20 00000000                 AREA             STACK, NOINIT, READWRITE, ALIGN
=3
   21 00000000         stack_start
   22 00000000         Stack_Mem
                               SPACE            Stack_Size
   23 00001000         __initial_sp
   24 00001000         stack_end
   25 00001000         
   26 00001000         
   27 00001000         ; <h> Heap Configuration
   28 00001000         ;   <o>  Heap Size (in Bytes) <0x0-0xFFFFFFFF:8>
   29 00001000         ; </h>
   30 00001000         
   31 00001000 00000000 
                       Heap_Size
                               EQU              0x00000000
   32 00001000         
   33 00001000                 AREA             HEAP, NOINIT, READWRITE, ALIGN=
3
   34 00000000         __heap_base
   35 00000000         Heap_Mem
                               SPACE            Heap_Size
   36 00000000         __heap_limit
   37 00000000         
   38 00000000         
   39 00000000                 PRESERVE8
   40 00000000                 THUMB
   41 00000000         
   42 00000000         
   43 00000000         ;=======================================================
                       ========================
   44 00000000         ; Vector Table Mapped to Address 0 at Reset
   45 00000000                 AREA             RESET, DATA, READONLY



ARM Macro Assembler    Page 2 


   46 00000000                 EXPORT           __Vectors
   47 00000000                 EXPORT           __Vectors_End
   48 00000000                 EXPORT           __Vectors_Size
   49 00000000         
   50 00000000 00000000 
                       __Vectors
                               DCD              __initial_sp ; Top of Stack
   51 00000004 00000000        DCD              Reset_Handler ; Reset Handler
   52 00000008 00000000        DCD              NMI_Handler ; NMI Handler
   53 0000000C 00000000        DCD              HardFault_Handler ; Hard Fault 
                                                            Handler
   54 00000010 00000000        DCD              MemManage_Handler 
                                                            ; MPU Fault Handler
                                                            
   55 00000014 00000000        DCD              BusFault_Handler 
                                                            ; Bus Fault Handler
                                                            
   56 00000018 00000000        DCD              UsageFault_Handler ; Usage Faul
                                                            t Handler
   57 0000001C 00000000        DCD              0           ; Reserved
   58 00000020 00000000        DCD              0           ; Reserved
   59 00000024 00000000        DCD              0           ; Reserved
   60 00000028 00000000        DCD              0           ; Reserved
   61 0000002C 00000000        DCD              SVC_Handler ; SVCall Handler
   62 00000030 00000000        DCD              DebugMon_Handler ; Debug Monito
                                                            r Handler
   63 00000034 00000000        DCD              0           ; Reserved
   64 00000038 00000000        DCD              PendSV_Handler ; PendSV Handler
                                                            
   65 0000003C 00000000        DCD              SysTick_Handler 
                                                            ; SysTick Handler
   66 00000040         
   67 00000040         ; External Interrupts
   68 00000040 00000000        DCD              WdogWakeup_IRQHandler
   69 00000044 00000000        DCD              RTC_Wakeup_IRQHandler
   70 00000048 00000000        DCD              SPI0_IRQHandler
   71 0000004C 00000000        DCD              SPI1_IRQHandler
   72 00000050 00000000        DCD              I2C0_IRQHandler
   73 00000054 00000000        DCD              I2C0_SMBAlert_IRQHandler
   74 00000058 00000000        DCD              I2C0_SMBus_IRQHandler
   75 0000005C 00000000        DCD              I2C1_IRQHandler
   76 00000060 00000000        DCD              I2C1_SMBAlert_IRQHandler
   77 00000064 00000000        DCD              I2C1_SMBus_IRQHandler
   78 00000068 00000000        DCD              UART0_IRQHandler
   79 0000006C 00000000        DCD              UART1_IRQHandler
   80 00000070 00000000        DCD              EthernetMAC_IRQHandler
   81 00000074 00000000        DCD              DMA_IRQHandler
   82 00000078 00000000        DCD              Timer1_IRQHandler
   83 0000007C 00000000        DCD              Timer2_IRQHandler
   84 00000080 00000000        DCD              CAN_IRQHandler
   85 00000084 00000000        DCD              ENVM0_IRQHandler
   86 00000088 00000000        DCD              ENVM1_IRQHandler
   87 0000008C 00000000        DCD              ComBlk_IRQHandler
   88 00000090 00000000        DCD              USB_IRQHandler
   89 00000094 00000000        DCD              USB_DMA_IRQHandler
   90 00000098 00000000        DCD              PLL_Lock_IRQHandler
   91 0000009C 00000000        DCD              PLL_LockLost_IRQHandler
   92 000000A0 00000000        DCD              CommSwitchError_IRQHandler
   93 000000A4 00000000        DCD              CacheError_IRQHandler



ARM Macro Assembler    Page 3 


   94 000000A8 00000000        DCD              DDR_IRQHandler
   95 000000AC 00000000        DCD              HPDMA_Complete_IRQHandler
   96 000000B0 00000000        DCD              HPDMA_Error_IRQHandler
   97 000000B4 00000000        DCD              ECC_Error_IRQHandler
   98 000000B8 00000000        DCD              MDDR_IOCalib_IRQHandler
   99 000000BC 00000000        DCD              FAB_PLL_Lock_IRQHandler
  100 000000C0 00000000        DCD              FAB_PLL_LockLost_IRQHandler
  101 000000C4 00000000        DCD              FIC64_IRQHandler
  102 000000C8 00000000        DCD              FabricIrq0_IRQHandler
  103 000000CC 00000000        DCD              FabricIrq1_IRQHandler
  104 000000D0 00000000        DCD              FabricIrq2_IRQHandler
  105 000000D4 00000000        DCD              FabricIrq3_IRQHandler
  106 000000D8 00000000        DCD              FabricIrq4_IRQHandler
  107 000000DC 00000000        DCD              FabricIrq5_IRQHandler
  108 000000E0 00000000        DCD              FabricIrq6_IRQHandler
  109 000000E4 00000000        DCD              FabricIrq7_IRQHandler
  110 000000E8 00000000        DCD              FabricIrq8_IRQHandler
  111 000000EC 00000000        DCD              FabricIrq9_IRQHandler
  112 000000F0 00000000        DCD              FabricIrq10_IRQHandler
  113 000000F4 00000000        DCD              FabricIrq11_IRQHandler
  114 000000F8 00000000        DCD              FabricIrq12_IRQHandler
  115 000000FC 00000000        DCD              FabricIrq13_IRQHandler
  116 00000100 00000000        DCD              FabricIrq14_IRQHandler
  117 00000104 00000000        DCD              FabricIrq15_IRQHandler
  118 00000108 00000000        DCD              GPIO0_IRQHandler
  119 0000010C 00000000        DCD              GPIO1_IRQHandler
  120 00000110 00000000        DCD              GPIO2_IRQHandler
  121 00000114 00000000        DCD              GPIO3_IRQHandler
  122 00000118 00000000        DCD              GPIO4_IRQHandler
  123 0000011C 00000000        DCD              GPIO5_IRQHandler
  124 00000120 00000000        DCD              GPIO6_IRQHandler
  125 00000124 00000000        DCD              GPIO7_IRQHandler
  126 00000128 00000000        DCD              GPIO8_IRQHandler
  127 0000012C 00000000        DCD              GPIO9_IRQHandler
  128 00000130 00000000        DCD              GPIO10_IRQHandler
  129 00000134 00000000        DCD              GPIO11_IRQHandler
  130 00000138 00000000        DCD              GPIO12_IRQHandler
  131 0000013C 00000000        DCD              GPIO13_IRQHandler
  132 00000140 00000000        DCD              GPIO14_IRQHandler
  133 00000144 00000000        DCD              GPIO15_IRQHandler
  134 00000148 00000000        DCD              GPIO16_IRQHandler
  135 0000014C 00000000        DCD              GPIO17_IRQHandler
  136 00000150 00000000        DCD              GPIO18_IRQHandler
  137 00000154 00000000        DCD              GPIO19_IRQHandler
  138 00000158 00000000        DCD              GPIO20_IRQHandler
  139 0000015C 00000000        DCD              GPIO21_IRQHandler
  140 00000160 00000000        DCD              GPIO22_IRQHandler
  141 00000164 00000000        DCD              GPIO23_IRQHandler
  142 00000168 00000000        DCD              GPIO24_IRQHandler
  143 0000016C 00000000        DCD              GPIO25_IRQHandler
  144 00000170 00000000        DCD              GPIO26_IRQHandler
  145 00000174 00000000        DCD              GPIO27_IRQHandler
  146 00000178 00000000        DCD              GPIO28_IRQHandler
  147 0000017C 00000000        DCD              GPIO29_IRQHandler
  148 00000180 00000000        DCD              GPIO30_IRQHandler
  149 00000184 00000000        DCD              GPIO31_IRQHandler
  150 00000188         
  151 00000188         __Vectors_End
  152 00000188         



ARM Macro Assembler    Page 4 


  153 00000188 00000188 
                       __Vectors_Size
                               EQU              __Vectors_End - __Vectors
  154 00000188         
  155 00000188         ;=======================================================
                       ========================
  156 00000188         ; Reset Handler
  157 00000188         ;
  158 00000188                 AREA             |.text|, CODE, READONLY
  159 00000000         
  160 00000000         Reset_Handler
                               PROC
  161 00000000                 EXPORT           Reset_Handler             [WEAK
]
  162 00000000                 IMPORT           SystemInit
  163 00000000                 IMPORT           low_level_init
  164 00000000                 IMPORT           __main
  165 00000000         
  166 00000000         ;-------------------------------------------------------
                       --------
  167 00000000         ; Initialize stack RAM content to initialize the error d
                       etection
  168 00000000         ; and correction (EDAC). This is done if EDAC is enabled
                        for the
  169 00000000         ; eSRAM blocks or the ECC/SECDED is enabled for the MDDR
                       .
  170 00000000         ; Register R11 is used to keep track of the RAM intializ
                       ation
  171 00000000         ; decision outcome for later use for heap RAM initializa
                       tion at
  172 00000000         ; the end of the startup code.
  173 00000000         ; Please note that the stack has to be located in eSRAM 
                       at this
  174 00000000         ; point and cannot be located in MDDR since MDDR is not 
                       available
  175 00000000         ; at this point.
  176 00000000         ; The bits of the content of register R11 have the foolw
                       ing
  177 00000000         ; meaning:
  178 00000000         ;  reg11[0]: eSRAM EDAC enabled
  179 00000000         ;  reg11[1]: MDDR ECC/SECDED enabled
  180 00000000         ;
  181 00000000 F04F 0B00       MOV              R11, #0
  182 00000004 481D            LDR              R0, SF2_MDDR_MODE_CR
  183 00000006 6800            LDR              R0, [R0]
  184 00000008 4919            LDR              R1, SF2_EDAC_CR
  185 0000000A 6809            LDR              R1, [R1]
  186 0000000C F001 0103       AND              R1, R1, #3
  187 00000010 F000 001C       AND              R0, R0, #0x1C
  188 00000014 2814            CMP              R0, #0x14
  189 00000016 D101            BNE              check_esram_edac
  190 00000018 F04B 0B02       ORR              R11, R11, #2
  191 0000001C         check_esram_edac
  192 0000001C 2900            CMP              R1, #0
  193 0000001E D001            BEQ              check_stack_init
  194 00000020 F04B 0B01       ORR              R11, R11, #1
  195 00000024         check_stack_init
  196 00000024 F1BB 0F00       CMP              R11, #0
  197 00000028 D004            BEQ              call_system_init



ARM Macro Assembler    Page 5 


  198 0000002A         clear_stack
  199 0000002A 483A            LDR              R0, =stack_start
  200 0000002C 493A            LDR              R1, =stack_end
  201 0000002E 4A14            LDR              R2, RAM_INIT_PATTERN
  202 00000030 F7FF FFFE       BL               fill_memory ; fill_memory takes
                                                             r0 - r2 as argumen
                                                            ts uses r4, r5, r6,
                                                             r7, r8, r9, and do
                                                            es not preserve con
                                                            tents */
  203 00000034         
  204 00000034         ;-------------------------------------------------------
                       --------
  205 00000034         ; Call SystemInit() to perform Libero specified configur
                       ation.
  206 00000034         ;
  207 00000034         call_system_init
  208 00000034 4839            LDR              R0, =SystemInit
  209 00000036 4780            BLX              R0
  210 00000038 4839            LDR              R0, =low_level_init
  211 0000003A 4780            BLX              R0
  212 0000003C         
  213 0000003C         ;-------------------------------------------------------
                       --------
  214 0000003C         ; Modify MDDR configuration if ECC/SECDED is enabled for
                        MDDR.
  215 0000003C         ; Enable write combining on MDDR bridge, disable non-buf
                       ferable
  216 0000003C         ; regions.
  217 0000003C         ;
  218 0000003C         adjust_mddr_cfg
  219 0000003C F00B 0A02       AND              R10, R11, #0x2
  220 00000040 F1BA 0F00       CMP              R10, #0
  221 00000044 D012            BEQ              branch_to_main
  222 00000046 480B            LDR              R0, SF2_DDRB_NB_SIZE
  223 00000048 490B            LDR              R1, SF2_DDRB_CR
  224 0000004A 6802            LDR              R2, [R0]
  225 0000004C 680B            LDR              R3, [R1]
  226 0000004E B40F            push             {R0, R1, R2, R3}
  227 00000050 F04F 0200       MOV              R2, #0
  228 00000054 F04F 03FF       MOV              R3, #0xFF
  229 00000058 6002            STR              R2, [R0]
  230 0000005A 600B            STR              R3, [R1]
  231 0000005C         
  232 0000005C         ; ------------------------------------------------------
                       --------
  233 0000005C         ; Initialize heap RAM content to initialize the error de
                       tection
  234 0000005C         ; and correction (EDAC). We use the decision made earlie
                       r in the
  235 0000005C         ; startup code of whether or not the stack RAM should be
                       
  236 0000005C         ; initialized. This decision is held in register R11. A 
                       non-zero
  237 0000005C         ; value indicates that the RAM content should be initial
                       ized.
  238 0000005C         ;
  239 0000005C         clear_heap
  240 0000005C F1BB 0F00       CMP              R11, #0



ARM Macro Assembler    Page 6 


  241 00000060 D004            BEQ              branch_to_main
  242 00000062 4830            LDR              R0, =__heap_base
  243 00000064 4930            LDR              R1, =__heap_limit
  244 00000066 4A07            LDR              R2, HEAP_INIT_PATTERN
  245 00000068 F7FF FFFE       BL               fill_memory ; fill_memory takes
                                                             r0 - r2 as argumen
                                                            ts uses r4, r5, r6,
                                                             r7, r8, r9, and do
                                                            es not preserve con
                                                            tents */
  246 0000006C         
  247 0000006C         ;-------------------------------------------------------
                       --------
  248 0000006C         ; Branch to __main
  249 0000006C         ;
  250 0000006C         branch_to_main
  251 0000006C 482F            LDR              R0, =__main
  252 0000006E 4700            BX               R0
  253 00000070                 ENDP
  254 00000070         
  255 00000070 40038038 
                       SF2_EDAC_CR
                               DCD              0x40038038
  256 00000074 40038030 
                       SF2_DDRB_NB_SIZE
                               DCD              0x40038030
  257 00000078 40038034 
                       SF2_DDRB_CR
                               DCD              0x40038034
  258 0000007C 40020818 
                       SF2_MDDR_MODE_CR
                               DCD              0x40020818
  259 00000080 00000000 
                       RAM_INIT_PATTERN
                               DCD              0x00000000
  260 00000084 00000000 
                       HEAP_INIT_PATTERN
                               DCD              0x00000000
  261 00000088         
  262 00000088         ;-------------------------------------------------------
                       -----------------------
  263 00000088         ; * fill_memory.
  264 00000088         ; * @brief Fills memory with Pattern contained in r2
  265 00000088         ; * This routine uses the stmne instruction to copy 4 wo
                       rds at a time which is very efficient
  266 00000088         ; * The instruction can only write to word aligned memor
                       y, hence the code at the start and end of this routine
  267 00000088         ; * to handle possible unaligned bytes at start and end.
                       
  268 00000088         ; *
  269 00000088         ; * @param param1 r0: start address
  270 00000088         ; * @param param2 r1: end address
  271 00000088         ; * @param param3 r2: FILL PATTETN
  272 00000088         ; *
  273 00000088         ; * @note note: Most efficient if memory is aligned. on 
                       4 word (16 byte)
  274 00000088         ; * bounderies
  275 00000088         ; * Stack is not used in this routine
  276 00000088         ; * register contents r4, r5, r6, r7, r8, r9, will are u



ARM Macro Assembler    Page 7 


                       sed and will be returned undefined 
  277 00000088         ; * @return none - Used Registers are not preserved
  278 00000088         ; */
  279 00000088         
  280 00000088         fill_memory
                               PROC
  281 00000088         ;push {r4, r5, r6, r7, r8, r9, lr}  We will not use stac
                       k as may be not available */
  282 00000088 4288            cmp              r0, r1
  283 0000008A D037            beq              fill_memory_exit ; Exit early i
                                                            f source and destin
                                                            ation the same */
  284 0000008C         ; copy non-aligned bytes at the start */
  285 0000008C F000 0603       and.w            r6, r0, #3  ; see if non-alaign
                                                            ed bytes at the sta
                                                            rt   */
  286 00000090 2E00            cmp              r6, #0
  287 00000092 D014            beq              fill_memory_end_start ; no spar
                                                            e bytes at start, c
                                                            ontinue    */
  288 00000094 F04F 0504       mov              r5, #4
  289 00000098 EBA5 0406       sub.w            r4, r5, r6  ; now have number o
                                                            f non-aligned bytes
                                                             in r4 */
  290 0000009C F04F 0708       mov              r7, #8
  291 000000A0 FB07 F806       mul              r8, r7, r6  ; calculate number 
                                                            of shifts required 
                                                            to initalise patter
                                                            n for non-aligned b
                                                            ytes */
  292 000000A4 4691            mov              r9, r2      ; copy pattern */
  293 000000A6 FA69 F908       ror              r9, r9, r8  ; Rotate right to k
                                                            eep pattern consist
                                                            ent */
  294 000000AA         fill_memory_spare_bytes_start        ; From above, R0 co
                                                            ntains source addre
                                                            ss, R1 contains des
                                                            tination address */
                                                            
  295 000000AA 2C00            cmp              r4, #0      ; no spare bytes at
                                                             end- end now   */
  296 000000AC D007            beq              fill_memory_end_start
  297 000000AE F880 9000       strb             r9, [r0]    ; fill byte */
  298 000000B2 FA69 F907       ror.w            r9, r9, r7  ; Rotate right by o
                                                            ne byte for the nex
                                                            t time, to keep pat
                                                            tern consistent */
  299 000000B6 F100 0001       add              r0, r0, #1  ; add one to addres
                                                            s */
  300 000000BA 1E64            subs             r4, r4, #1  ; subtract one from
                                                             byte count 1   */
  301 000000BC E7F5            b                fill_memory_spare_bytes_start
  302 000000BE         fill_memory_end_start
  303 000000BE F04F 0600       mov              r6, #0
  304 000000C2 460F            mov              r7, r1      ; save end address 
                                                            */
  305 000000C4 1A09            subs             r1, r1, r0  ; Calculate number 
                                                            of bytes to fill */
                                                            



ARM Macro Assembler    Page 8 


  306 000000C6 4688            mov              r8,r1       ; Save copy of byte
                                                             count */
  307 000000C8 1109            asrs             r1,r1, #4   ; Div by 16 to get 
                                                            number of chunks to
                                                             move */
  308 000000CA 4691            mov              r9, r2      ; copy pattern */
  309 000000CC 4614            mov              r4, r2      ; copy pattern */
  310 000000CE 4615            mov              r5, r2      ; copy pattern */
  311 000000D0 42B1            cmp              r1, r6      ; compare to see if
                                                             all chunks copied 
                                                            */
  312 000000D2 D006            beq              fill_memory_spare_bytes_end
  313 000000D4         fill_memory_loop
  314 000000D4 BF18            it               ne
  315 000000D6 E8A0 0234       stmne            r0!, {r2, r4, r5, r9} ; copy pa
                                                            ttern- note: stmne 
                                                            instruction must me
                                                             word aligned (addr
                                                            ess in r0) */
  316 000000DA F106 0601       add.w            r6, r6, #1  ; use Thumb2- make 
                                                            sure condition code
                                                             reg. not updated *
                                                            /
  317 000000DE 42B1            cmp              r1, r6      ; compare to see if
                                                             all chunks copied 
                                                            */
  318 000000E0 D1F8            bne              fill_memory_loop
  319 000000E2         fill_memory_spare_bytes_end          ; copy spare bytes 
                                                            at the end if any *
                                                            /
  320 000000E2 F008 080F       and.w            r8, r8, #15 ; get spare bytes  
                                                            --check can you do 
                                                            an ands?  */
  321 000000E6         fill_memory_spare_end_loop           ; From above, R0 co
                                                            ntains source addre
                                                            ss, R1 contains des
                                                            tination address */
                                                            
  322 000000E6 F1B8 0F00       cmp              r8, #0      ; no spare bytes at
                                                             end- end now  */
  323 000000EA D007            beq              fill_memory_exit
  324 000000EC 7002            strb             r2, [r0]
  325 000000EE EA4F 2232       ror.w            r2, r2, #8  ; Rotate right by o
                                                            ne byte for the nex
                                                            t time, to keep pat
                                                            tern consistent */
  326 000000F2 F100 0001       add              r0, r0, #1  ; add one to addres
                                                            s */
  327 000000F6 F1B8 0801       subs             r8, r8, #1  ; subtract one from
                                                             byte count 1  */
  328 000000FA E7F4            b                fill_memory_spare_end_loop
  329 000000FC         fill_memory_exit
  330 000000FC 4770            bx               lr          ; We will not use p
                                                            op as stack may be 
                                                            not available */
  331 000000FE                 ENDP
  332 000000FE         
  333 000000FE         
  334 000000FE         



ARM Macro Assembler    Page 9 


  335 000000FE         ;=======================================================
                       ========================
  336 000000FE         ; Dummy Exception Handlers (infinite loops which can be 
                       modified)                
  337 000000FE         
  338 000000FE         NMI_Handler
                               PROC
  339 000000FE                 EXPORT           NMI_Handler                [WEA
K]
  340 000000FE E7FE            B                .
  341 00000100                 ENDP
  343 00000100         HardFault_Handler
                               PROC
  344 00000100                 EXPORT           HardFault_Handler          [WEA
K]
  345 00000100 E7FE            B                .
  346 00000102                 ENDP
  348 00000102         MemManage_Handler
                               PROC
  349 00000102                 EXPORT           MemManage_Handler          [WEA
K]
  350 00000102 E7FE            B                .
  351 00000104                 ENDP
  353 00000104         BusFault_Handler
                               PROC
  354 00000104                 EXPORT           BusFault_Handler           [WEA
K]
  355 00000104 E7FE            B                .
  356 00000106                 ENDP
  358 00000106         UsageFault_Handler
                               PROC
  359 00000106                 EXPORT           UsageFault_Handler         [WEA
K]
  360 00000106 E7FE            B                .
  361 00000108                 ENDP
  362 00000108         SVC_Handler
                               PROC
  363 00000108                 EXPORT           SVC_Handler                [WEA
K]
  364 00000108 E7FE            B                .
  365 0000010A                 ENDP
  367 0000010A         DebugMon_Handler
                               PROC
  368 0000010A                 EXPORT           DebugMon_Handler           [WEA
K]
  369 0000010A E7FE            B                .
  370 0000010C                 ENDP
  371 0000010C         PendSV_Handler
                               PROC
  372 0000010C                 EXPORT           PendSV_Handler             [WEA
K]
  373 0000010C E7FE            B                .
  374 0000010E                 ENDP
  375 0000010E         SysTick_Handler
                               PROC
  376 0000010E                 EXPORT           SysTick_Handler            [WEA
K]
  377 0000010E E7FE            B                .
  378 00000110                 ENDP



ARM Macro Assembler    Page 10 


  379 00000110         
  380 00000110         Default_Handler
                               PROC
  381 00000110         
  382 00000110                 EXPORT           WdogWakeup_IRQHandler          
 [WEAK]
  383 00000110                 EXPORT           RTC_Wakeup_IRQHandler          
 [WEAK]
  384 00000110                 EXPORT           SPI0_IRQHandler                
 [WEAK]
  385 00000110                 EXPORT           SPI1_IRQHandler                
 [WEAK]
  386 00000110                 EXPORT           I2C0_IRQHandler                
 [WEAK]
  387 00000110                 EXPORT           I2C0_SMBAlert_IRQHandler       
 [WEAK]
  388 00000110                 EXPORT           I2C0_SMBus_IRQHandler          
 [WEAK]
  389 00000110                 EXPORT           I2C1_IRQHandler                
 [WEAK]
  390 00000110                 EXPORT           I2C1_SMBAlert_IRQHandler       
 [WEAK]
  391 00000110                 EXPORT           I2C1_SMBus_IRQHandler          
 [WEAK]
  392 00000110                 EXPORT           UART0_IRQHandler               
 [WEAK]
  393 00000110                 EXPORT           UART1_IRQHandler               
 [WEAK]
  394 00000110                 EXPORT           EthernetMAC_IRQHandler         
 [WEAK]
  395 00000110                 EXPORT           DMA_IRQHandler                 
 [WEAK]
  396 00000110                 EXPORT           Timer1_IRQHandler              
 [WEAK]
  397 00000110                 EXPORT           Timer2_IRQHandler              
 [WEAK]
  398 00000110                 EXPORT           CAN_IRQHandler                 
 [WEAK]
  399 00000110                 EXPORT           ENVM0_IRQHandler               
 [WEAK]
  400 00000110                 EXPORT           ENVM1_IRQHandler               
 [WEAK]
  401 00000110                 EXPORT           ComBlk_IRQHandler              
 [WEAK]
  402 00000110                 EXPORT           USB_IRQHandler                 
 [WEAK]
  403 00000110                 EXPORT           USB_DMA_IRQHandler             
 [WEAK]
  404 00000110                 EXPORT           PLL_Lock_IRQHandler            
 [WEAK]
  405 00000110                 EXPORT           PLL_LockLost_IRQHandler        
 [WEAK]
  406 00000110                 EXPORT           CommSwitchError_IRQHandler     
 [WEAK]
  407 00000110                 EXPORT           CacheError_IRQHandler          
 [WEAK]
  408 00000110                 EXPORT           DDR_IRQHandler                 
 [WEAK]
  409 00000110                 EXPORT           HPDMA_Complete_IRQHandler      



ARM Macro Assembler    Page 11 


 [WEAK]
  410 00000110                 EXPORT           HPDMA_Error_IRQHandler         
 [WEAK]
  411 00000110                 EXPORT           ECC_Error_IRQHandler           
 [WEAK]
  412 00000110                 EXPORT           MDDR_IOCalib_IRQHandler        
 [WEAK]
  413 00000110                 EXPORT           FAB_PLL_Lock_IRQHandler        
 [WEAK]
  414 00000110                 EXPORT           FAB_PLL_LockLost_IRQHandler    
 [WEAK]
  415 00000110                 EXPORT           FIC64_IRQHandler               
 [WEAK]
  416 00000110                 EXPORT           FabricIrq0_IRQHandler          
 [WEAK]
  417 00000110                 EXPORT           FabricIrq1_IRQHandler          
 [WEAK]
  418 00000110                 EXPORT           FabricIrq2_IRQHandler          
 [WEAK]
  419 00000110                 EXPORT           FabricIrq3_IRQHandler          
 [WEAK]
  420 00000110                 EXPORT           FabricIrq4_IRQHandler          
 [WEAK]
  421 00000110                 EXPORT           FabricIrq5_IRQHandler          
 [WEAK]
  422 00000110                 EXPORT           FabricIrq6_IRQHandler          
 [WEAK]
  423 00000110                 EXPORT           FabricIrq7_IRQHandler          
 [WEAK]
  424 00000110                 EXPORT           FabricIrq8_IRQHandler          
 [WEAK]
  425 00000110                 EXPORT           FabricIrq9_IRQHandler          
 [WEAK]
  426 00000110                 EXPORT           FabricIrq10_IRQHandler         
 [WEAK]
  427 00000110                 EXPORT           FabricIrq11_IRQHandler         
 [WEAK]
  428 00000110                 EXPORT           FabricIrq12_IRQHandler         
 [WEAK]
  429 00000110                 EXPORT           FabricIrq13_IRQHandler         
 [WEAK]
  430 00000110                 EXPORT           FabricIrq14_IRQHandler         
 [WEAK]
  431 00000110                 EXPORT           FabricIrq15_IRQHandler         
 [WEAK]
  432 00000110                 EXPORT           GPIO0_IRQHandler               
 [WEAK]
  433 00000110                 EXPORT           GPIO1_IRQHandler               
 [WEAK]
  434 00000110                 EXPORT           GPIO2_IRQHandler               
 [WEAK]
  435 00000110                 EXPORT           GPIO3_IRQHandler               
 [WEAK]
  436 00000110                 EXPORT           GPIO4_IRQHandler               
 [WEAK]
  437 00000110                 EXPORT           GPIO5_IRQHandler               
 [WEAK]
  438 00000110                 EXPORT           GPIO6_IRQHandler               
 [WEAK]



ARM Macro Assembler    Page 12 


  439 00000110                 EXPORT           GPIO7_IRQHandler               
 [WEAK]
  440 00000110                 EXPORT           GPIO8_IRQHandler               
 [WEAK]
  441 00000110                 EXPORT           GPIO9_IRQHandler               
 [WEAK]
  442 00000110                 EXPORT           GPIO10_IRQHandler              
 [WEAK]
  443 00000110                 EXPORT           GPIO11_IRQHandler              
 [WEAK]
  444 00000110                 EXPORT           GPIO12_IRQHandler              
 [WEAK]
  445 00000110                 EXPORT           GPIO13_IRQHandler              
 [WEAK]
  446 00000110                 EXPORT           GPIO14_IRQHandler              
 [WEAK]
  447 00000110                 EXPORT           GPIO15_IRQHandler              
 [WEAK]
  448 00000110                 EXPORT           GPIO16_IRQHandler              
 [WEAK]
  449 00000110                 EXPORT           GPIO17_IRQHandler              
 [WEAK]
  450 00000110                 EXPORT           GPIO18_IRQHandler              
 [WEAK]
  451 00000110                 EXPORT           GPIO19_IRQHandler              
 [WEAK]
  452 00000110                 EXPORT           GPIO20_IRQHandler              
 [WEAK]
  453 00000110                 EXPORT           GPIO21_IRQHandler              
 [WEAK]
  454 00000110                 EXPORT           GPIO22_IRQHandler              
 [WEAK]
  455 00000110                 EXPORT           GPIO23_IRQHandler              
 [WEAK]
  456 00000110                 EXPORT           GPIO24_IRQHandler              
 [WEAK]
  457 00000110                 EXPORT           GPIO25_IRQHandler              
 [WEAK]
  458 00000110                 EXPORT           GPIO26_IRQHandler              
 [WEAK]
  459 00000110                 EXPORT           GPIO27_IRQHandler              
 [WEAK]
  460 00000110                 EXPORT           GPIO28_IRQHandler              
 [WEAK]
  461 00000110                 EXPORT           GPIO29_IRQHandler              
 [WEAK]
  462 00000110                 EXPORT           GPIO30_IRQHandler              
 [WEAK]
  463 00000110                 EXPORT           GPIO31_IRQHandler              
 [WEAK]
  464 00000110         
  465 00000110         
  466 00000110         WdogWakeup_IRQHandler
  467 00000110         RTC_Wakeup_IRQHandler
  468 00000110         SPI0_IRQHandler
  469 00000110         SPI1_IRQHandler
  470 00000110         I2C0_IRQHandler
  471 00000110         I2C0_SMBAlert_IRQHandler
  472 00000110         I2C0_SMBus_IRQHandler



ARM Macro Assembler    Page 13 


  473 00000110         I2C1_IRQHandler
  474 00000110         I2C1_SMBAlert_IRQHandler
  475 00000110         I2C1_SMBus_IRQHandler
  476 00000110         UART0_IRQHandler
  477 00000110         UART1_IRQHandler
  478 00000110         EthernetMAC_IRQHandler
  479 00000110         DMA_IRQHandler
  480 00000110         Timer1_IRQHandler
  481 00000110         Timer2_IRQHandler
  482 00000110         CAN_IRQHandler
  483 00000110         ENVM0_IRQHandler
  484 00000110         ENVM1_IRQHandler
  485 00000110         ComBlk_IRQHandler
  486 00000110         USB_IRQHandler
  487 00000110         USB_DMA_IRQHandler
  488 00000110         PLL_Lock_IRQHandler
  489 00000110         PLL_LockLost_IRQHandler
  490 00000110         CommSwitchError_IRQHandler
  491 00000110         CacheError_IRQHandler
  492 00000110         DDR_IRQHandler
  493 00000110         HPDMA_Complete_IRQHandler
  494 00000110         HPDMA_Error_IRQHandler
  495 00000110         ECC_Error_IRQHandler
  496 00000110         MDDR_IOCalib_IRQHandler
  497 00000110         FAB_PLL_Lock_IRQHandler
  498 00000110         FAB_PLL_LockLost_IRQHandler
  499 00000110         FIC64_IRQHandler
  500 00000110         FabricIrq0_IRQHandler
  501 00000110         FabricIrq1_IRQHandler
  502 00000110         FabricIrq2_IRQHandler
  503 00000110         FabricIrq3_IRQHandler
  504 00000110         FabricIrq4_IRQHandler
  505 00000110         FabricIrq5_IRQHandler
  506 00000110         FabricIrq6_IRQHandler
  507 00000110         FabricIrq7_IRQHandler
  508 00000110         FabricIrq8_IRQHandler
  509 00000110         FabricIrq9_IRQHandler
  510 00000110         FabricIrq10_IRQHandler
  511 00000110         FabricIrq11_IRQHandler
  512 00000110         FabricIrq12_IRQHandler
  513 00000110         FabricIrq13_IRQHandler
  514 00000110         FabricIrq14_IRQHandler
  515 00000110         FabricIrq15_IRQHandler
  516 00000110         GPIO0_IRQHandler
  517 00000110         GPIO1_IRQHandler
  518 00000110         GPIO2_IRQHandler
  519 00000110         GPIO3_IRQHandler
  520 00000110         GPIO4_IRQHandler
  521 00000110         GPIO5_IRQHandler
  522 00000110         GPIO6_IRQHandler
  523 00000110         GPIO7_IRQHandler
  524 00000110         GPIO8_IRQHandler
  525 00000110         GPIO9_IRQHandler
  526 00000110         GPIO10_IRQHandler
  527 00000110         GPIO11_IRQHandler
  528 00000110         GPIO12_IRQHandler
  529 00000110         GPIO13_IRQHandler
  530 00000110         GPIO14_IRQHandler
  531 00000110         GPIO15_IRQHandler



ARM Macro Assembler    Page 14 


  532 00000110         GPIO16_IRQHandler
  533 00000110         GPIO17_IRQHandler
  534 00000110         GPIO18_IRQHandler
  535 00000110         GPIO19_IRQHandler
  536 00000110         GPIO20_IRQHandler
  537 00000110         GPIO21_IRQHandler
  538 00000110         GPIO22_IRQHandler
  539 00000110         GPIO23_IRQHandler
  540 00000110         GPIO24_IRQHandler
  541 00000110         GPIO25_IRQHandler
  542 00000110         GPIO26_IRQHandler
  543 00000110         GPIO27_IRQHandler
  544 00000110         GPIO28_IRQHandler
  545 00000110         GPIO29_IRQHandler
  546 00000110         GPIO30_IRQHandler
  547 00000110         GPIO31_IRQHandler
  548 00000110 E7FE            B                .
  549 00000112         
  550 00000112                 ENDP
  551 00000112         
  552 00000112         mscc_post_hw_cfg_init
                               PROC
  553 00000112                 EXPORT           mscc_post_hw_cfg_init          
 [WEAK]
  554 00000112 4770            BX               LR
  555 00000114                 ENDP
  556 00000114         
  557 00000114                 ALIGN
  558 00000114         
  559 00000114         
  560 00000114         ;=======================================================
                       ========================
  561 00000114         ; User Initial Stack & Heap
  562 00000114         
  563 00000114                 IF               :DEF:__MICROLIB
  564 00000114         
  565 00000114                 EXPORT           __initial_sp
  566 00000114                 EXPORT           __heap_base
  567 00000114                 EXPORT           __heap_limit
  568 00000114         
  569 00000114                 ELSE
  583                          ENDIF
  584 00000114         
  585 00000114         
  586 00000114                 END
              00000000 
              00000000 
              00000000 
              00000000 
              00000000 
              00000000 
              00000000 
Command Line: --debug --xref --diag_suppress=9931 --cpu=Cortex-M3 --apcs=interw
ork --depend=.\objects\startup_m2sxxx.d -o.\objects\startup_m2sxxx.o -IC:\Users
\AndersonHan\Desktop\BentoBox\Keil_CoreBoard\Project\BetoBox\RTE -IC:\Keil_v5\A
RM\PACK\Microsemi\M2Sxxx\1.0.61\CMSIS -IC:\Keil_v5\ARM\CMSIS\Include --predefin
e="__MICROLIB SETA 1" --predefine="__UVISION_VERSION SETA 518" --list=.\listing
s\startup_m2sxxx.lst ..\..\..\Fpga\firmware\CMSIS\startup_arm\startup_m2sxxx.s



ARM Macro Assembler    Page 1 Alphabetic symbol ordering
Relocatable symbols

STACK 00000000

Symbol: STACK
   Definitions
      At line 20 in file ..\..\..\Fpga\firmware\CMSIS\startup_arm\startup_m2sxx
x.s
   Uses
      None
Comment: STACK unused
Stack_Mem 00000000

Symbol: Stack_Mem
   Definitions
      At line 22 in file ..\..\..\Fpga\firmware\CMSIS\startup_arm\startup_m2sxx
x.s
   Uses
      None
Comment: Stack_Mem unused
__initial_sp 00001000

Symbol: __initial_sp
   Definitions
      At line 23 in file ..\..\..\Fpga\firmware\CMSIS\startup_arm\startup_m2sxx
x.s
   Uses
      At line 50 in file ..\..\..\Fpga\firmware\CMSIS\startup_arm\startup_m2sxx
x.s
      At line 565 in file ..\..\..\Fpga\firmware\CMSIS\startup_arm\startup_m2sx
xx.s

stack_end 00001000

Symbol: stack_end
   Definitions
      At line 24 in file ..\..\..\Fpga\firmware\CMSIS\startup_arm\startup_m2sxx
x.s
   Uses
      At line 200 in file ..\..\..\Fpga\firmware\CMSIS\startup_arm\startup_m2sx
xx.s
Comment: stack_end used once
stack_start 00000000

Symbol: stack_start
   Definitions
      At line 21 in file ..\..\..\Fpga\firmware\CMSIS\startup_arm\startup_m2sxx
x.s
   Uses
      At line 199 in file ..\..\..\Fpga\firmware\CMSIS\startup_arm\startup_m2sx
xx.s
Comment: stack_start used once
5 symbols



ARM Macro Assembler    Page 1 Alphabetic symbol ordering
Relocatable symbols

HEAP 00000000

Symbol: HEAP
   Definitions
      At line 33 in file ..\..\..\Fpga\firmware\CMSIS\startup_arm\startup_m2sxx
x.s
   Uses
      None
Comment: HEAP unused
Heap_Mem 00000000

Symbol: Heap_Mem
   Definitions
      At line 35 in file ..\..\..\Fpga\firmware\CMSIS\startup_arm\startup_m2sxx
x.s
   Uses
      None
Comment: Heap_Mem unused
__heap_base 00000000

Symbol: __heap_base
   Definitions
      At line 34 in file ..\..\..\Fpga\firmware\CMSIS\startup_arm\startup_m2sxx
x.s
   Uses
      At line 242 in file ..\..\..\Fpga\firmware\CMSIS\startup_arm\startup_m2sx
xx.s
      At line 566 in file ..\..\..\Fpga\firmware\CMSIS\startup_arm\startup_m2sx
xx.s

__heap_limit 00000000

Symbol: __heap_limit
   Definitions
      At line 36 in file ..\..\..\Fpga\firmware\CMSIS\startup_arm\startup_m2sxx
x.s
   Uses
      At line 243 in file ..\..\..\Fpga\firmware\CMSIS\startup_arm\startup_m2sx
xx.s
      At line 567 in file ..\..\..\Fpga\firmware\CMSIS\startup_arm\startup_m2sx
xx.s

4 symbols



ARM Macro Assembler    Page 1 Alphabetic symbol ordering
Relocatable symbols

RESET 00000000

Symbol: RESET
   Definitions
      At line 45 in file ..\..\..\Fpga\firmware\CMSIS\startup_arm\startup_m2sxx
x.s
   Uses
      None
Comment: RESET unused
__Vectors 00000000

Symbol: __Vectors
   Definitions
      At line 50 in file ..\..\..\Fpga\firmware\CMSIS\startup_arm\startup_m2sxx
x.s
   Uses
      At line 46 in file ..\..\..\Fpga\firmware\CMSIS\startup_arm\startup_m2sxx
x.s
      At line 153 in file ..\..\..\Fpga\firmware\CMSIS\startup_arm\startup_m2sx
xx.s

__Vectors_End 00000188

Symbol: __Vectors_End
   Definitions
      At line 151 in file ..\..\..\Fpga\firmware\CMSIS\startup_arm\startup_m2sx
xx.s
   Uses
      At line 47 in file ..\..\..\Fpga\firmware\CMSIS\startup_arm\startup_m2sxx
x.s
      At line 153 in file ..\..\..\Fpga\firmware\CMSIS\startup_arm\startup_m2sx
xx.s

3 symbols



ARM Macro Assembler    Page 1 Alphabetic symbol ordering
Relocatable symbols

.text 00000000

Symbol: .text
   Definitions
      At line 158 in file ..\..\..\Fpga\firmware\CMSIS\startup_arm\startup_m2sx
xx.s
   Uses
      None
Comment: .text unused
BusFault_Handler 00000104

Symbol: BusFault_Handler
   Definitions
      At line 353 in file ..\..\..\Fpga\firmware\CMSIS\startup_arm\startup_m2sx
xx.s
   Uses
      At line 55 in file ..\..\..\Fpga\firmware\CMSIS\startup_arm\startup_m2sxx
x.s
      At line 354 in file ..\..\..\Fpga\firmware\CMSIS\startup_arm\startup_m2sx
xx.s

CAN_IRQHandler 00000110

Symbol: CAN_IRQHandler
   Definitions
      At line 482 in file ..\..\..\Fpga\firmware\CMSIS\startup_arm\startup_m2sx
xx.s
   Uses
      At line 84 in file ..\..\..\Fpga\firmware\CMSIS\startup_arm\startup_m2sxx
x.s
      At line 398 in file ..\..\..\Fpga\firmware\CMSIS\startup_arm\startup_m2sx
xx.s

CacheError_IRQHandler 00000110

Symbol: CacheError_IRQHandler
   Definitions
      At line 491 in file ..\..\..\Fpga\firmware\CMSIS\startup_arm\startup_m2sx
xx.s
   Uses
      At line 93 in file ..\..\..\Fpga\firmware\CMSIS\startup_arm\startup_m2sxx
x.s
      At line 407 in file ..\..\..\Fpga\firmware\CMSIS\startup_arm\startup_m2sx
xx.s

ComBlk_IRQHandler 00000110

Symbol: ComBlk_IRQHandler
   Definitions
      At line 485 in file ..\..\..\Fpga\firmware\CMSIS\startup_arm\startup_m2sx
xx.s
   Uses
      At line 87 in file ..\..\..\Fpga\firmware\CMSIS\startup_arm\startup_m2sxx
x.s
      At line 401 in file ..\..\..\Fpga\firmware\CMSIS\startup_arm\startup_m2sx
xx.s

CommSwitchError_IRQHandler 00000110




ARM Macro Assembler    Page 2 Alphabetic symbol ordering
Relocatable symbols

Symbol: CommSwitchError_IRQHandler
   Definitions
      At line 490 in file ..\..\..\Fpga\firmware\CMSIS\startup_arm\startup_m2sx
xx.s
   Uses
      At line 92 in file ..\..\..\Fpga\firmware\CMSIS\startup_arm\startup_m2sxx
x.s
      At line 406 in file ..\..\..\Fpga\firmware\CMSIS\startup_arm\startup_m2sx
xx.s

DDR_IRQHandler 00000110

Symbol: DDR_IRQHandler
   Definitions
      At line 492 in file ..\..\..\Fpga\firmware\CMSIS\startup_arm\startup_m2sx
xx.s
   Uses
      At line 94 in file ..\..\..\Fpga\firmware\CMSIS\startup_arm\startup_m2sxx
x.s
      At line 408 in file ..\..\..\Fpga\firmware\CMSIS\startup_arm\startup_m2sx
xx.s

DMA_IRQHandler 00000110

Symbol: DMA_IRQHandler
   Definitions
      At line 479 in file ..\..\..\Fpga\firmware\CMSIS\startup_arm\startup_m2sx
xx.s
   Uses
      At line 81 in file ..\..\..\Fpga\firmware\CMSIS\startup_arm\startup_m2sxx
x.s
      At line 395 in file ..\..\..\Fpga\firmware\CMSIS\startup_arm\startup_m2sx
xx.s

DebugMon_Handler 0000010A

Symbol: DebugMon_Handler
   Definitions
      At line 367 in file ..\..\..\Fpga\firmware\CMSIS\startup_arm\startup_m2sx
xx.s
   Uses
      At line 62 in file ..\..\..\Fpga\firmware\CMSIS\startup_arm\startup_m2sxx
x.s
      At line 368 in file ..\..\..\Fpga\firmware\CMSIS\startup_arm\startup_m2sx
xx.s

Default_Handler 00000110

Symbol: Default_Handler
   Definitions
      At line 380 in file ..\..\..\Fpga\firmware\CMSIS\startup_arm\startup_m2sx
xx.s
   Uses
      None
Comment: Default_Handler unused
ECC_Error_IRQHandler 00000110

Symbol: ECC_Error_IRQHandler
   Definitions



ARM Macro Assembler    Page 3 Alphabetic symbol ordering
Relocatable symbols

      At line 495 in file ..\..\..\Fpga\firmware\CMSIS\startup_arm\startup_m2sx
xx.s
   Uses
      At line 97 in file ..\..\..\Fpga\firmware\CMSIS\startup_arm\startup_m2sxx
x.s
      At line 411 in file ..\..\..\Fpga\firmware\CMSIS\startup_arm\startup_m2sx
xx.s

ENVM0_IRQHandler 00000110

Symbol: ENVM0_IRQHandler
   Definitions
      At line 483 in file ..\..\..\Fpga\firmware\CMSIS\startup_arm\startup_m2sx
xx.s
   Uses
      At line 85 in file ..\..\..\Fpga\firmware\CMSIS\startup_arm\startup_m2sxx
x.s
      At line 399 in file ..\..\..\Fpga\firmware\CMSIS\startup_arm\startup_m2sx
xx.s

ENVM1_IRQHandler 00000110

Symbol: ENVM1_IRQHandler
   Definitions
      At line 484 in file ..\..\..\Fpga\firmware\CMSIS\startup_arm\startup_m2sx
xx.s
   Uses
      At line 86 in file ..\..\..\Fpga\firmware\CMSIS\startup_arm\startup_m2sxx
x.s
      At line 400 in file ..\..\..\Fpga\firmware\CMSIS\startup_arm\startup_m2sx
xx.s

EthernetMAC_IRQHandler 00000110

Symbol: EthernetMAC_IRQHandler
   Definitions
      At line 478 in file ..\..\..\Fpga\firmware\CMSIS\startup_arm\startup_m2sx
xx.s
   Uses
      At line 80 in file ..\..\..\Fpga\firmware\CMSIS\startup_arm\startup_m2sxx
x.s
      At line 394 in file ..\..\..\Fpga\firmware\CMSIS\startup_arm\startup_m2sx
xx.s

FAB_PLL_LockLost_IRQHandler 00000110

Symbol: FAB_PLL_LockLost_IRQHandler
   Definitions
      At line 498 in file ..\..\..\Fpga\firmware\CMSIS\startup_arm\startup_m2sx
xx.s
   Uses
      At line 100 in file ..\..\..\Fpga\firmware\CMSIS\startup_arm\startup_m2sx
xx.s
      At line 414 in file ..\..\..\Fpga\firmware\CMSIS\startup_arm\startup_m2sx
xx.s

FAB_PLL_Lock_IRQHandler 00000110

Symbol: FAB_PLL_Lock_IRQHandler



ARM Macro Assembler    Page 4 Alphabetic symbol ordering
Relocatable symbols

   Definitions
      At line 497 in file ..\..\..\Fpga\firmware\CMSIS\startup_arm\startup_m2sx
xx.s
   Uses
      At line 99 in file ..\..\..\Fpga\firmware\CMSIS\startup_arm\startup_m2sxx
x.s
      At line 413 in file ..\..\..\Fpga\firmware\CMSIS\startup_arm\startup_m2sx
xx.s

FIC64_IRQHandler 00000110

Symbol: FIC64_IRQHandler
   Definitions
      At line 499 in file ..\..\..\Fpga\firmware\CMSIS\startup_arm\startup_m2sx
xx.s
   Uses
      At line 101 in file ..\..\..\Fpga\firmware\CMSIS\startup_arm\startup_m2sx
xx.s
      At line 415 in file ..\..\..\Fpga\firmware\CMSIS\startup_arm\startup_m2sx
xx.s

FabricIrq0_IRQHandler 00000110

Symbol: FabricIrq0_IRQHandler
   Definitions
      At line 500 in file ..\..\..\Fpga\firmware\CMSIS\startup_arm\startup_m2sx
xx.s
   Uses
      At line 102 in file ..\..\..\Fpga\firmware\CMSIS\startup_arm\startup_m2sx
xx.s
      At line 416 in file ..\..\..\Fpga\firmware\CMSIS\startup_arm\startup_m2sx
xx.s

FabricIrq10_IRQHandler 00000110

Symbol: FabricIrq10_IRQHandler
   Definitions
      At line 510 in file ..\..\..\Fpga\firmware\CMSIS\startup_arm\startup_m2sx
xx.s
   Uses
      At line 112 in file ..\..\..\Fpga\firmware\CMSIS\startup_arm\startup_m2sx
xx.s
      At line 426 in file ..\..\..\Fpga\firmware\CMSIS\startup_arm\startup_m2sx
xx.s

FabricIrq11_IRQHandler 00000110

Symbol: FabricIrq11_IRQHandler
   Definitions
      At line 511 in file ..\..\..\Fpga\firmware\CMSIS\startup_arm\startup_m2sx
xx.s
   Uses
      At line 113 in file ..\..\..\Fpga\firmware\CMSIS\startup_arm\startup_m2sx
xx.s
      At line 427 in file ..\..\..\Fpga\firmware\CMSIS\startup_arm\startup_m2sx
xx.s

FabricIrq12_IRQHandler 00000110




ARM Macro Assembler    Page 5 Alphabetic symbol ordering
Relocatable symbols

Symbol: FabricIrq12_IRQHandler
   Definitions
      At line 512 in file ..\..\..\Fpga\firmware\CMSIS\startup_arm\startup_m2sx
xx.s
   Uses
      At line 114 in file ..\..\..\Fpga\firmware\CMSIS\startup_arm\startup_m2sx
xx.s
      At line 428 in file ..\..\..\Fpga\firmware\CMSIS\startup_arm\startup_m2sx
xx.s

FabricIrq13_IRQHandler 00000110

Symbol: FabricIrq13_IRQHandler
   Definitions
      At line 513 in file ..\..\..\Fpga\firmware\CMSIS\startup_arm\startup_m2sx
xx.s
   Uses
      At line 115 in file ..\..\..\Fpga\firmware\CMSIS\startup_arm\startup_m2sx
xx.s
      At line 429 in file ..\..\..\Fpga\firmware\CMSIS\startup_arm\startup_m2sx
xx.s

FabricIrq14_IRQHandler 00000110

Symbol: FabricIrq14_IRQHandler
   Definitions
      At line 514 in file ..\..\..\Fpga\firmware\CMSIS\startup_arm\startup_m2sx
xx.s
   Uses
      At line 116 in file ..\..\..\Fpga\firmware\CMSIS\startup_arm\startup_m2sx
xx.s
      At line 430 in file ..\..\..\Fpga\firmware\CMSIS\startup_arm\startup_m2sx
xx.s

FabricIrq15_IRQHandler 00000110

Symbol: FabricIrq15_IRQHandler
   Definitions
      At line 515 in file ..\..\..\Fpga\firmware\CMSIS\startup_arm\startup_m2sx
xx.s
   Uses
      At line 117 in file ..\..\..\Fpga\firmware\CMSIS\startup_arm\startup_m2sx
xx.s
      At line 431 in file ..\..\..\Fpga\firmware\CMSIS\startup_arm\startup_m2sx
xx.s

FabricIrq1_IRQHandler 00000110

Symbol: FabricIrq1_IRQHandler
   Definitions
      At line 501 in file ..\..\..\Fpga\firmware\CMSIS\startup_arm\startup_m2sx
xx.s
   Uses
      At line 103 in file ..\..\..\Fpga\firmware\CMSIS\startup_arm\startup_m2sx
xx.s
      At line 417 in file ..\..\..\Fpga\firmware\CMSIS\startup_arm\startup_m2sx
xx.s

FabricIrq2_IRQHandler 00000110



ARM Macro Assembler    Page 6 Alphabetic symbol ordering
Relocatable symbols


Symbol: FabricIrq2_IRQHandler
   Definitions
      At line 502 in file ..\..\..\Fpga\firmware\CMSIS\startup_arm\startup_m2sx
xx.s
   Uses
      At line 104 in file ..\..\..\Fpga\firmware\CMSIS\startup_arm\startup_m2sx
xx.s
      At line 418 in file ..\..\..\Fpga\firmware\CMSIS\startup_arm\startup_m2sx
xx.s

FabricIrq3_IRQHandler 00000110

Symbol: FabricIrq3_IRQHandler
   Definitions
      At line 503 in file ..\..\..\Fpga\firmware\CMSIS\startup_arm\startup_m2sx
xx.s
   Uses
      At line 105 in file ..\..\..\Fpga\firmware\CMSIS\startup_arm\startup_m2sx
xx.s
      At line 419 in file ..\..\..\Fpga\firmware\CMSIS\startup_arm\startup_m2sx
xx.s

FabricIrq4_IRQHandler 00000110

Symbol: FabricIrq4_IRQHandler
   Definitions
      At line 504 in file ..\..\..\Fpga\firmware\CMSIS\startup_arm\startup_m2sx
xx.s
   Uses
      At line 106 in file ..\..\..\Fpga\firmware\CMSIS\startup_arm\startup_m2sx
xx.s
      At line 420 in file ..\..\..\Fpga\firmware\CMSIS\startup_arm\startup_m2sx
xx.s

FabricIrq5_IRQHandler 00000110

Symbol: FabricIrq5_IRQHandler
   Definitions
      At line 505 in file ..\..\..\Fpga\firmware\CMSIS\startup_arm\startup_m2sx
xx.s
   Uses
      At line 107 in file ..\..\..\Fpga\firmware\CMSIS\startup_arm\startup_m2sx
xx.s
      At line 421 in file ..\..\..\Fpga\firmware\CMSIS\startup_arm\startup_m2sx
xx.s

FabricIrq6_IRQHandler 00000110

Symbol: FabricIrq6_IRQHandler
   Definitions
      At line 506 in file ..\..\..\Fpga\firmware\CMSIS\startup_arm\startup_m2sx
xx.s
   Uses
      At line 108 in file ..\..\..\Fpga\firmware\CMSIS\startup_arm\startup_m2sx
xx.s
      At line 422 in file ..\..\..\Fpga\firmware\CMSIS\startup_arm\startup_m2sx
xx.s




ARM Macro Assembler    Page 7 Alphabetic symbol ordering
Relocatable symbols

FabricIrq7_IRQHandler 00000110

Symbol: FabricIrq7_IRQHandler
   Definitions
      At line 507 in file ..\..\..\Fpga\firmware\CMSIS\startup_arm\startup_m2sx
xx.s
   Uses
      At line 109 in file ..\..\..\Fpga\firmware\CMSIS\startup_arm\startup_m2sx
xx.s
      At line 423 in file ..\..\..\Fpga\firmware\CMSIS\startup_arm\startup_m2sx
xx.s

FabricIrq8_IRQHandler 00000110

Symbol: FabricIrq8_IRQHandler
   Definitions
      At line 508 in file ..\..\..\Fpga\firmware\CMSIS\startup_arm\startup_m2sx
xx.s
   Uses
      At line 110 in file ..\..\..\Fpga\firmware\CMSIS\startup_arm\startup_m2sx
xx.s
      At line 424 in file ..\..\..\Fpga\firmware\CMSIS\startup_arm\startup_m2sx
xx.s

FabricIrq9_IRQHandler 00000110

Symbol: FabricIrq9_IRQHandler
   Definitions
      At line 509 in file ..\..\..\Fpga\firmware\CMSIS\startup_arm\startup_m2sx
xx.s
   Uses
      At line 111 in file ..\..\..\Fpga\firmware\CMSIS\startup_arm\startup_m2sx
xx.s
      At line 425 in file ..\..\..\Fpga\firmware\CMSIS\startup_arm\startup_m2sx
xx.s

GPIO0_IRQHandler 00000110

Symbol: GPIO0_IRQHandler
   Definitions
      At line 516 in file ..\..\..\Fpga\firmware\CMSIS\startup_arm\startup_m2sx
xx.s
   Uses
      At line 118 in file ..\..\..\Fpga\firmware\CMSIS\startup_arm\startup_m2sx
xx.s
      At line 432 in file ..\..\..\Fpga\firmware\CMSIS\startup_arm\startup_m2sx
xx.s

GPIO10_IRQHandler 00000110

Symbol: GPIO10_IRQHandler
   Definitions
      At line 526 in file ..\..\..\Fpga\firmware\CMSIS\startup_arm\startup_m2sx
xx.s
   Uses
      At line 128 in file ..\..\..\Fpga\firmware\CMSIS\startup_arm\startup_m2sx
xx.s
      At line 442 in file ..\..\..\Fpga\firmware\CMSIS\startup_arm\startup_m2sx
xx.s



ARM Macro Assembler    Page 8 Alphabetic symbol ordering
Relocatable symbols


GPIO11_IRQHandler 00000110

Symbol: GPIO11_IRQHandler
   Definitions
      At line 527 in file ..\..\..\Fpga\firmware\CMSIS\startup_arm\startup_m2sx
xx.s
   Uses
      At line 129 in file ..\..\..\Fpga\firmware\CMSIS\startup_arm\startup_m2sx
xx.s
      At line 443 in file ..\..\..\Fpga\firmware\CMSIS\startup_arm\startup_m2sx
xx.s

GPIO12_IRQHandler 00000110

Symbol: GPIO12_IRQHandler
   Definitions
      At line 528 in file ..\..\..\Fpga\firmware\CMSIS\startup_arm\startup_m2sx
xx.s
   Uses
      At line 130 in file ..\..\..\Fpga\firmware\CMSIS\startup_arm\startup_m2sx
xx.s
      At line 444 in file ..\..\..\Fpga\firmware\CMSIS\startup_arm\startup_m2sx
xx.s

GPIO13_IRQHandler 00000110

Symbol: GPIO13_IRQHandler
   Definitions
      At line 529 in file ..\..\..\Fpga\firmware\CMSIS\startup_arm\startup_m2sx
xx.s
   Uses
      At line 131 in file ..\..\..\Fpga\firmware\CMSIS\startup_arm\startup_m2sx
xx.s
      At line 445 in file ..\..\..\Fpga\firmware\CMSIS\startup_arm\startup_m2sx
xx.s

GPIO14_IRQHandler 00000110

Symbol: GPIO14_IRQHandler
   Definitions
      At line 530 in file ..\..\..\Fpga\firmware\CMSIS\startup_arm\startup_m2sx
xx.s
   Uses
      At line 132 in file ..\..\..\Fpga\firmware\CMSIS\startup_arm\startup_m2sx
xx.s
      At line 446 in file ..\..\..\Fpga\firmware\CMSIS\startup_arm\startup_m2sx
xx.s

GPIO15_IRQHandler 00000110

Symbol: GPIO15_IRQHandler
   Definitions
      At line 531 in file ..\..\..\Fpga\firmware\CMSIS\startup_arm\startup_m2sx
xx.s
   Uses
      At line 133 in file ..\..\..\Fpga\firmware\CMSIS\startup_arm\startup_m2sx
xx.s
      At line 447 in file ..\..\..\Fpga\firmware\CMSIS\startup_arm\startup_m2sx



ARM Macro Assembler    Page 9 Alphabetic symbol ordering
Relocatable symbols

xx.s

GPIO16_IRQHandler 00000110

Symbol: GPIO16_IRQHandler
   Definitions
      At line 532 in file ..\..\..\Fpga\firmware\CMSIS\startup_arm\startup_m2sx
xx.s
   Uses
      At line 134 in file ..\..\..\Fpga\firmware\CMSIS\startup_arm\startup_m2sx
xx.s
      At line 448 in file ..\..\..\Fpga\firmware\CMSIS\startup_arm\startup_m2sx
xx.s

GPIO17_IRQHandler 00000110

Symbol: GPIO17_IRQHandler
   Definitions
      At line 533 in file ..\..\..\Fpga\firmware\CMSIS\startup_arm\startup_m2sx
xx.s
   Uses
      At line 135 in file ..\..\..\Fpga\firmware\CMSIS\startup_arm\startup_m2sx
xx.s
      At line 449 in file ..\..\..\Fpga\firmware\CMSIS\startup_arm\startup_m2sx
xx.s

GPIO18_IRQHandler 00000110

Symbol: GPIO18_IRQHandler
   Definitions
      At line 534 in file ..\..\..\Fpga\firmware\CMSIS\startup_arm\startup_m2sx
xx.s
   Uses
      At line 136 in file ..\..\..\Fpga\firmware\CMSIS\startup_arm\startup_m2sx
xx.s
      At line 450 in file ..\..\..\Fpga\firmware\CMSIS\startup_arm\startup_m2sx
xx.s

GPIO19_IRQHandler 00000110

Symbol: GPIO19_IRQHandler
   Definitions
      At line 535 in file ..\..\..\Fpga\firmware\CMSIS\startup_arm\startup_m2sx
xx.s
   Uses
      At line 137 in file ..\..\..\Fpga\firmware\CMSIS\startup_arm\startup_m2sx
xx.s
      At line 451 in file ..\..\..\Fpga\firmware\CMSIS\startup_arm\startup_m2sx
xx.s

GPIO1_IRQHandler 00000110

Symbol: GPIO1_IRQHandler
   Definitions
      At line 517 in file ..\..\..\Fpga\firmware\CMSIS\startup_arm\startup_m2sx
xx.s
   Uses
      At line 119 in file ..\..\..\Fpga\firmware\CMSIS\startup_arm\startup_m2sx
xx.s



ARM Macro Assembler    Page 10 Alphabetic symbol ordering
Relocatable symbols

      At line 433 in file ..\..\..\Fpga\firmware\CMSIS\startup_arm\startup_m2sx
xx.s

GPIO20_IRQHandler 00000110

Symbol: GPIO20_IRQHandler
   Definitions
      At line 536 in file ..\..\..\Fpga\firmware\CMSIS\startup_arm\startup_m2sx
xx.s
   Uses
      At line 138 in file ..\..\..\Fpga\firmware\CMSIS\startup_arm\startup_m2sx
xx.s
      At line 452 in file ..\..\..\Fpga\firmware\CMSIS\startup_arm\startup_m2sx
xx.s

GPIO21_IRQHandler 00000110

Symbol: GPIO21_IRQHandler
   Definitions
      At line 537 in file ..\..\..\Fpga\firmware\CMSIS\startup_arm\startup_m2sx
xx.s
   Uses
      At line 139 in file ..\..\..\Fpga\firmware\CMSIS\startup_arm\startup_m2sx
xx.s
      At line 453 in file ..\..\..\Fpga\firmware\CMSIS\startup_arm\startup_m2sx
xx.s

GPIO22_IRQHandler 00000110

Symbol: GPIO22_IRQHandler
   Definitions
      At line 538 in file ..\..\..\Fpga\firmware\CMSIS\startup_arm\startup_m2sx
xx.s
   Uses
      At line 140 in file ..\..\..\Fpga\firmware\CMSIS\startup_arm\startup_m2sx
xx.s
      At line 454 in file ..\..\..\Fpga\firmware\CMSIS\startup_arm\startup_m2sx
xx.s

GPIO23_IRQHandler 00000110

Symbol: GPIO23_IRQHandler
   Definitions
      At line 539 in file ..\..\..\Fpga\firmware\CMSIS\startup_arm\startup_m2sx
xx.s
   Uses
      At line 141 in file ..\..\..\Fpga\firmware\CMSIS\startup_arm\startup_m2sx
xx.s
      At line 455 in file ..\..\..\Fpga\firmware\CMSIS\startup_arm\startup_m2sx
xx.s

GPIO24_IRQHandler 00000110

Symbol: GPIO24_IRQHandler
   Definitions
      At line 540 in file ..\..\..\Fpga\firmware\CMSIS\startup_arm\startup_m2sx
xx.s
   Uses
      At line 142 in file ..\..\..\Fpga\firmware\CMSIS\startup_arm\startup_m2sx



ARM Macro Assembler    Page 11 Alphabetic symbol ordering
Relocatable symbols

xx.s
      At line 456 in file ..\..\..\Fpga\firmware\CMSIS\startup_arm\startup_m2sx
xx.s

GPIO25_IRQHandler 00000110

Symbol: GPIO25_IRQHandler
   Definitions
      At line 541 in file ..\..\..\Fpga\firmware\CMSIS\startup_arm\startup_m2sx
xx.s
   Uses
      At line 143 in file ..\..\..\Fpga\firmware\CMSIS\startup_arm\startup_m2sx
xx.s
      At line 457 in file ..\..\..\Fpga\firmware\CMSIS\startup_arm\startup_m2sx
xx.s

GPIO26_IRQHandler 00000110

Symbol: GPIO26_IRQHandler
   Definitions
      At line 542 in file ..\..\..\Fpga\firmware\CMSIS\startup_arm\startup_m2sx
xx.s
   Uses
      At line 144 in file ..\..\..\Fpga\firmware\CMSIS\startup_arm\startup_m2sx
xx.s
      At line 458 in file ..\..\..\Fpga\firmware\CMSIS\startup_arm\startup_m2sx
xx.s

GPIO27_IRQHandler 00000110

Symbol: GPIO27_IRQHandler
   Definitions
      At line 543 in file ..\..\..\Fpga\firmware\CMSIS\startup_arm\startup_m2sx
xx.s
   Uses
      At line 145 in file ..\..\..\Fpga\firmware\CMSIS\startup_arm\startup_m2sx
xx.s
      At line 459 in file ..\..\..\Fpga\firmware\CMSIS\startup_arm\startup_m2sx
xx.s

GPIO28_IRQHandler 00000110

Symbol: GPIO28_IRQHandler
   Definitions
      At line 544 in file ..\..\..\Fpga\firmware\CMSIS\startup_arm\startup_m2sx
xx.s
   Uses
      At line 146 in file ..\..\..\Fpga\firmware\CMSIS\startup_arm\startup_m2sx
xx.s
      At line 460 in file ..\..\..\Fpga\firmware\CMSIS\startup_arm\startup_m2sx
xx.s

GPIO29_IRQHandler 00000110

Symbol: GPIO29_IRQHandler
   Definitions
      At line 545 in file ..\..\..\Fpga\firmware\CMSIS\startup_arm\startup_m2sx
xx.s
   Uses



ARM Macro Assembler    Page 12 Alphabetic symbol ordering
Relocatable symbols

      At line 147 in file ..\..\..\Fpga\firmware\CMSIS\startup_arm\startup_m2sx
xx.s
      At line 461 in file ..\..\..\Fpga\firmware\CMSIS\startup_arm\startup_m2sx
xx.s

GPIO2_IRQHandler 00000110

Symbol: GPIO2_IRQHandler
   Definitions
      At line 518 in file ..\..\..\Fpga\firmware\CMSIS\startup_arm\startup_m2sx
xx.s
   Uses
      At line 120 in file ..\..\..\Fpga\firmware\CMSIS\startup_arm\startup_m2sx
xx.s
      At line 434 in file ..\..\..\Fpga\firmware\CMSIS\startup_arm\startup_m2sx
xx.s

GPIO30_IRQHandler 00000110

Symbol: GPIO30_IRQHandler
   Definitions
      At line 546 in file ..\..\..\Fpga\firmware\CMSIS\startup_arm\startup_m2sx
xx.s
   Uses
      At line 148 in file ..\..\..\Fpga\firmware\CMSIS\startup_arm\startup_m2sx
xx.s
      At line 462 in file ..\..\..\Fpga\firmware\CMSIS\startup_arm\startup_m2sx
xx.s

GPIO31_IRQHandler 00000110

Symbol: GPIO31_IRQHandler
   Definitions
      At line 547 in file ..\..\..\Fpga\firmware\CMSIS\startup_arm\startup_m2sx
xx.s
   Uses
      At line 149 in file ..\..\..\Fpga\firmware\CMSIS\startup_arm\startup_m2sx
xx.s
      At line 463 in file ..\..\..\Fpga\firmware\CMSIS\startup_arm\startup_m2sx
xx.s

GPIO3_IRQHandler 00000110

Symbol: GPIO3_IRQHandler
   Definitions
      At line 519 in file ..\..\..\Fpga\firmware\CMSIS\startup_arm\startup_m2sx
xx.s
   Uses
      At line 121 in file ..\..\..\Fpga\firmware\CMSIS\startup_arm\startup_m2sx
xx.s
      At line 435 in file ..\..\..\Fpga\firmware\CMSIS\startup_arm\startup_m2sx
xx.s

GPIO4_IRQHandler 00000110

Symbol: GPIO4_IRQHandler
   Definitions
      At line 520 in file ..\..\..\Fpga\firmware\CMSIS\startup_arm\startup_m2sx
xx.s



ARM Macro Assembler    Page 13 Alphabetic symbol ordering
Relocatable symbols

   Uses
      At line 122 in file ..\..\..\Fpga\firmware\CMSIS\startup_arm\startup_m2sx
xx.s
      At line 436 in file ..\..\..\Fpga\firmware\CMSIS\startup_arm\startup_m2sx
xx.s

GPIO5_IRQHandler 00000110

Symbol: GPIO5_IRQHandler
   Definitions
      At line 521 in file ..\..\..\Fpga\firmware\CMSIS\startup_arm\startup_m2sx
xx.s
   Uses
      At line 123 in file ..\..\..\Fpga\firmware\CMSIS\startup_arm\startup_m2sx
xx.s
      At line 437 in file ..\..\..\Fpga\firmware\CMSIS\startup_arm\startup_m2sx
xx.s

GPIO6_IRQHandler 00000110

Symbol: GPIO6_IRQHandler
   Definitions
      At line 522 in file ..\..\..\Fpga\firmware\CMSIS\startup_arm\startup_m2sx
xx.s
   Uses
      At line 124 in file ..\..\..\Fpga\firmware\CMSIS\startup_arm\startup_m2sx
xx.s
      At line 438 in file ..\..\..\Fpga\firmware\CMSIS\startup_arm\startup_m2sx
xx.s

GPIO7_IRQHandler 00000110

Symbol: GPIO7_IRQHandler
   Definitions
      At line 523 in file ..\..\..\Fpga\firmware\CMSIS\startup_arm\startup_m2sx
xx.s
   Uses
      At line 125 in file ..\..\..\Fpga\firmware\CMSIS\startup_arm\startup_m2sx
xx.s
      At line 439 in file ..\..\..\Fpga\firmware\CMSIS\startup_arm\startup_m2sx
xx.s

GPIO8_IRQHandler 00000110

Symbol: GPIO8_IRQHandler
   Definitions
      At line 524 in file ..\..\..\Fpga\firmware\CMSIS\startup_arm\startup_m2sx
xx.s
   Uses
      At line 126 in file ..\..\..\Fpga\firmware\CMSIS\startup_arm\startup_m2sx
xx.s
      At line 440 in file ..\..\..\Fpga\firmware\CMSIS\startup_arm\startup_m2sx
xx.s

GPIO9_IRQHandler 00000110

Symbol: GPIO9_IRQHandler
   Definitions
      At line 525 in file ..\..\..\Fpga\firmware\CMSIS\startup_arm\startup_m2sx



ARM Macro Assembler    Page 14 Alphabetic symbol ordering
Relocatable symbols

xx.s
   Uses
      At line 127 in file ..\..\..\Fpga\firmware\CMSIS\startup_arm\startup_m2sx
xx.s
      At line 441 in file ..\..\..\Fpga\firmware\CMSIS\startup_arm\startup_m2sx
xx.s

HEAP_INIT_PATTERN 00000084

Symbol: HEAP_INIT_PATTERN
   Definitions
      At line 260 in file ..\..\..\Fpga\firmware\CMSIS\startup_arm\startup_m2sx
xx.s
   Uses
      At line 244 in file ..\..\..\Fpga\firmware\CMSIS\startup_arm\startup_m2sx
xx.s
Comment: HEAP_INIT_PATTERN used once
HPDMA_Complete_IRQHandler 00000110

Symbol: HPDMA_Complete_IRQHandler
   Definitions
      At line 493 in file ..\..\..\Fpga\firmware\CMSIS\startup_arm\startup_m2sx
xx.s
   Uses
      At line 95 in file ..\..\..\Fpga\firmware\CMSIS\startup_arm\startup_m2sxx
x.s
      At line 409 in file ..\..\..\Fpga\firmware\CMSIS\startup_arm\startup_m2sx
xx.s

HPDMA_Error_IRQHandler 00000110

Symbol: HPDMA_Error_IRQHandler
   Definitions
      At line 494 in file ..\..\..\Fpga\firmware\CMSIS\startup_arm\startup_m2sx
xx.s
   Uses
      At line 96 in file ..\..\..\Fpga\firmware\CMSIS\startup_arm\startup_m2sxx
x.s
      At line 410 in file ..\..\..\Fpga\firmware\CMSIS\startup_arm\startup_m2sx
xx.s

HardFault_Handler 00000100

Symbol: HardFault_Handler
   Definitions
      At line 343 in file ..\..\..\Fpga\firmware\CMSIS\startup_arm\startup_m2sx
xx.s
   Uses
      At line 53 in file ..\..\..\Fpga\firmware\CMSIS\startup_arm\startup_m2sxx
x.s
      At line 344 in file ..\..\..\Fpga\firmware\CMSIS\startup_arm\startup_m2sx
xx.s

I2C0_IRQHandler 00000110

Symbol: I2C0_IRQHandler
   Definitions
      At line 470 in file ..\..\..\Fpga\firmware\CMSIS\startup_arm\startup_m2sx
xx.s



ARM Macro Assembler    Page 15 Alphabetic symbol ordering
Relocatable symbols

   Uses
      At line 72 in file ..\..\..\Fpga\firmware\CMSIS\startup_arm\startup_m2sxx
x.s
      At line 386 in file ..\..\..\Fpga\firmware\CMSIS\startup_arm\startup_m2sx
xx.s

I2C0_SMBAlert_IRQHandler 00000110

Symbol: I2C0_SMBAlert_IRQHandler
   Definitions
      At line 471 in file ..\..\..\Fpga\firmware\CMSIS\startup_arm\startup_m2sx
xx.s
   Uses
      At line 73 in file ..\..\..\Fpga\firmware\CMSIS\startup_arm\startup_m2sxx
x.s
      At line 387 in file ..\..\..\Fpga\firmware\CMSIS\startup_arm\startup_m2sx
xx.s

I2C0_SMBus_IRQHandler 00000110

Symbol: I2C0_SMBus_IRQHandler
   Definitions
      At line 472 in file ..\..\..\Fpga\firmware\CMSIS\startup_arm\startup_m2sx
xx.s
   Uses
      At line 74 in file ..\..\..\Fpga\firmware\CMSIS\startup_arm\startup_m2sxx
x.s
      At line 388 in file ..\..\..\Fpga\firmware\CMSIS\startup_arm\startup_m2sx
xx.s

I2C1_IRQHandler 00000110

Symbol: I2C1_IRQHandler
   Definitions
      At line 473 in file ..\..\..\Fpga\firmware\CMSIS\startup_arm\startup_m2sx
xx.s
   Uses
      At line 75 in file ..\..\..\Fpga\firmware\CMSIS\startup_arm\startup_m2sxx
x.s
      At line 389 in file ..\..\..\Fpga\firmware\CMSIS\startup_arm\startup_m2sx
xx.s

I2C1_SMBAlert_IRQHandler 00000110

Symbol: I2C1_SMBAlert_IRQHandler
   Definitions
      At line 474 in file ..\..\..\Fpga\firmware\CMSIS\startup_arm\startup_m2sx
xx.s
   Uses
      At line 76 in file ..\..\..\Fpga\firmware\CMSIS\startup_arm\startup_m2sxx
x.s
      At line 390 in file ..\..\..\Fpga\firmware\CMSIS\startup_arm\startup_m2sx
xx.s

I2C1_SMBus_IRQHandler 00000110

Symbol: I2C1_SMBus_IRQHandler
   Definitions
      At line 475 in file ..\..\..\Fpga\firmware\CMSIS\startup_arm\startup_m2sx



ARM Macro Assembler    Page 16 Alphabetic symbol ordering
Relocatable symbols

xx.s
   Uses
      At line 77 in file ..\..\..\Fpga\firmware\CMSIS\startup_arm\startup_m2sxx
x.s
      At line 391 in file ..\..\..\Fpga\firmware\CMSIS\startup_arm\startup_m2sx
xx.s

MDDR_IOCalib_IRQHandler 00000110

Symbol: MDDR_IOCalib_IRQHandler
   Definitions
      At line 496 in file ..\..\..\Fpga\firmware\CMSIS\startup_arm\startup_m2sx
xx.s
   Uses
      At line 98 in file ..\..\..\Fpga\firmware\CMSIS\startup_arm\startup_m2sxx
x.s
      At line 412 in file ..\..\..\Fpga\firmware\CMSIS\startup_arm\startup_m2sx
xx.s

MemManage_Handler 00000102

Symbol: MemManage_Handler
   Definitions
      At line 348 in file ..\..\..\Fpga\firmware\CMSIS\startup_arm\startup_m2sx
xx.s
   Uses
      At line 54 in file ..\..\..\Fpga\firmware\CMSIS\startup_arm\startup_m2sxx
x.s
      At line 349 in file ..\..\..\Fpga\firmware\CMSIS\startup_arm\startup_m2sx
xx.s

NMI_Handler 000000FE

Symbol: NMI_Handler
   Definitions
      At line 338 in file ..\..\..\Fpga\firmware\CMSIS\startup_arm\startup_m2sx
xx.s
   Uses
      At line 52 in file ..\..\..\Fpga\firmware\CMSIS\startup_arm\startup_m2sxx
x.s
      At line 339 in file ..\..\..\Fpga\firmware\CMSIS\startup_arm\startup_m2sx
xx.s

PLL_LockLost_IRQHandler 00000110

Symbol: PLL_LockLost_IRQHandler
   Definitions
      At line 489 in file ..\..\..\Fpga\firmware\CMSIS\startup_arm\startup_m2sx
xx.s
   Uses
      At line 91 in file ..\..\..\Fpga\firmware\CMSIS\startup_arm\startup_m2sxx
x.s
      At line 405 in file ..\..\..\Fpga\firmware\CMSIS\startup_arm\startup_m2sx
xx.s

PLL_Lock_IRQHandler 00000110

Symbol: PLL_Lock_IRQHandler
   Definitions



ARM Macro Assembler    Page 17 Alphabetic symbol ordering
Relocatable symbols

      At line 488 in file ..\..\..\Fpga\firmware\CMSIS\startup_arm\startup_m2sx
xx.s
   Uses
      At line 90 in file ..\..\..\Fpga\firmware\CMSIS\startup_arm\startup_m2sxx
x.s
      At line 404 in file ..\..\..\Fpga\firmware\CMSIS\startup_arm\startup_m2sx
xx.s

PendSV_Handler 0000010C

Symbol: PendSV_Handler
   Definitions
      At line 371 in file ..\..\..\Fpga\firmware\CMSIS\startup_arm\startup_m2sx
xx.s
   Uses
      At line 64 in file ..\..\..\Fpga\firmware\CMSIS\startup_arm\startup_m2sxx
x.s
      At line 372 in file ..\..\..\Fpga\firmware\CMSIS\startup_arm\startup_m2sx
xx.s

RAM_INIT_PATTERN 00000080

Symbol: RAM_INIT_PATTERN
   Definitions
      At line 259 in file ..\..\..\Fpga\firmware\CMSIS\startup_arm\startup_m2sx
xx.s
   Uses
      At line 201 in file ..\..\..\Fpga\firmware\CMSIS\startup_arm\startup_m2sx
xx.s
Comment: RAM_INIT_PATTERN used once
RTC_Wakeup_IRQHandler 00000110

Symbol: RTC_Wakeup_IRQHandler
   Definitions
      At line 467 in file ..\..\..\Fpga\firmware\CMSIS\startup_arm\startup_m2sx
xx.s
   Uses
      At line 69 in file ..\..\..\Fpga\firmware\CMSIS\startup_arm\startup_m2sxx
x.s
      At line 383 in file ..\..\..\Fpga\firmware\CMSIS\startup_arm\startup_m2sx
xx.s

Reset_Handler 00000000

Symbol: Reset_Handler
   Definitions
      At line 160 in file ..\..\..\Fpga\firmware\CMSIS\startup_arm\startup_m2sx
xx.s
   Uses
      At line 51 in file ..\..\..\Fpga\firmware\CMSIS\startup_arm\startup_m2sxx
x.s
      At line 161 in file ..\..\..\Fpga\firmware\CMSIS\startup_arm\startup_m2sx
xx.s

SF2_DDRB_CR 00000078

Symbol: SF2_DDRB_CR
   Definitions
      At line 257 in file ..\..\..\Fpga\firmware\CMSIS\startup_arm\startup_m2sx



ARM Macro Assembler    Page 18 Alphabetic symbol ordering
Relocatable symbols

xx.s
   Uses
      At line 223 in file ..\..\..\Fpga\firmware\CMSIS\startup_arm\startup_m2sx
xx.s
Comment: SF2_DDRB_CR used once
SF2_DDRB_NB_SIZE 00000074

Symbol: SF2_DDRB_NB_SIZE
   Definitions
      At line 256 in file ..\..\..\Fpga\firmware\CMSIS\startup_arm\startup_m2sx
xx.s
   Uses
      At line 222 in file ..\..\..\Fpga\firmware\CMSIS\startup_arm\startup_m2sx
xx.s
Comment: SF2_DDRB_NB_SIZE used once
SF2_EDAC_CR 00000070

Symbol: SF2_EDAC_CR
   Definitions
      At line 255 in file ..\..\..\Fpga\firmware\CMSIS\startup_arm\startup_m2sx
xx.s
   Uses
      At line 184 in file ..\..\..\Fpga\firmware\CMSIS\startup_arm\startup_m2sx
xx.s
Comment: SF2_EDAC_CR used once
SF2_MDDR_MODE_CR 0000007C

Symbol: SF2_MDDR_MODE_CR
   Definitions
      At line 258 in file ..\..\..\Fpga\firmware\CMSIS\startup_arm\startup_m2sx
xx.s
   Uses
      At line 182 in file ..\..\..\Fpga\firmware\CMSIS\startup_arm\startup_m2sx
xx.s
Comment: SF2_MDDR_MODE_CR used once
SPI0_IRQHandler 00000110

Symbol: SPI0_IRQHandler
   Definitions
      At line 468 in file ..\..\..\Fpga\firmware\CMSIS\startup_arm\startup_m2sx
xx.s
   Uses
      At line 70 in file ..\..\..\Fpga\firmware\CMSIS\startup_arm\startup_m2sxx
x.s
      At line 384 in file ..\..\..\Fpga\firmware\CMSIS\startup_arm\startup_m2sx
xx.s

SPI1_IRQHandler 00000110

Symbol: SPI1_IRQHandler
   Definitions
      At line 469 in file ..\..\..\Fpga\firmware\CMSIS\startup_arm\startup_m2sx
xx.s
   Uses
      At line 71 in file ..\..\..\Fpga\firmware\CMSIS\startup_arm\startup_m2sxx
x.s
      At line 385 in file ..\..\..\Fpga\firmware\CMSIS\startup_arm\startup_m2sx
xx.s




ARM Macro Assembler    Page 19 Alphabetic symbol ordering
Relocatable symbols

SVC_Handler 00000108

Symbol: SVC_Handler
   Definitions
      At line 362 in file ..\..\..\Fpga\firmware\CMSIS\startup_arm\startup_m2sx
xx.s
   Uses
      At line 61 in file ..\..\..\Fpga\firmware\CMSIS\startup_arm\startup_m2sxx
x.s
      At line 363 in file ..\..\..\Fpga\firmware\CMSIS\startup_arm\startup_m2sx
xx.s

SysTick_Handler 0000010E

Symbol: SysTick_Handler
   Definitions
      At line 375 in file ..\..\..\Fpga\firmware\CMSIS\startup_arm\startup_m2sx
xx.s
   Uses
      At line 65 in file ..\..\..\Fpga\firmware\CMSIS\startup_arm\startup_m2sxx
x.s
      At line 376 in file ..\..\..\Fpga\firmware\CMSIS\startup_arm\startup_m2sx
xx.s

Timer1_IRQHandler 00000110

Symbol: Timer1_IRQHandler
   Definitions
      At line 480 in file ..\..\..\Fpga\firmware\CMSIS\startup_arm\startup_m2sx
xx.s
   Uses
      At line 82 in file ..\..\..\Fpga\firmware\CMSIS\startup_arm\startup_m2sxx
x.s
      At line 396 in file ..\..\..\Fpga\firmware\CMSIS\startup_arm\startup_m2sx
xx.s

Timer2_IRQHandler 00000110

Symbol: Timer2_IRQHandler
   Definitions
      At line 481 in file ..\..\..\Fpga\firmware\CMSIS\startup_arm\startup_m2sx
xx.s
   Uses
      At line 83 in file ..\..\..\Fpga\firmware\CMSIS\startup_arm\startup_m2sxx
x.s
      At line 397 in file ..\..\..\Fpga\firmware\CMSIS\startup_arm\startup_m2sx
xx.s

UART0_IRQHandler 00000110

Symbol: UART0_IRQHandler
   Definitions
      At line 476 in file ..\..\..\Fpga\firmware\CMSIS\startup_arm\startup_m2sx
xx.s
   Uses
      At line 78 in file ..\..\..\Fpga\firmware\CMSIS\startup_arm\startup_m2sxx
x.s
      At line 392 in file ..\..\..\Fpga\firmware\CMSIS\startup_arm\startup_m2sx
xx.s



ARM Macro Assembler    Page 20 Alphabetic symbol ordering
Relocatable symbols


UART1_IRQHandler 00000110

Symbol: UART1_IRQHandler
   Definitions
      At line 477 in file ..\..\..\Fpga\firmware\CMSIS\startup_arm\startup_m2sx
xx.s
   Uses
      At line 79 in file ..\..\..\Fpga\firmware\CMSIS\startup_arm\startup_m2sxx
x.s
      At line 393 in file ..\..\..\Fpga\firmware\CMSIS\startup_arm\startup_m2sx
xx.s

USB_DMA_IRQHandler 00000110

Symbol: USB_DMA_IRQHandler
   Definitions
      At line 487 in file ..\..\..\Fpga\firmware\CMSIS\startup_arm\startup_m2sx
xx.s
   Uses
      At line 89 in file ..\..\..\Fpga\firmware\CMSIS\startup_arm\startup_m2sxx
x.s
      At line 403 in file ..\..\..\Fpga\firmware\CMSIS\startup_arm\startup_m2sx
xx.s

USB_IRQHandler 00000110

Symbol: USB_IRQHandler
   Definitions
      At line 486 in file ..\..\..\Fpga\firmware\CMSIS\startup_arm\startup_m2sx
xx.s
   Uses
      At line 88 in file ..\..\..\Fpga\firmware\CMSIS\startup_arm\startup_m2sxx
x.s
      At line 402 in file ..\..\..\Fpga\firmware\CMSIS\startup_arm\startup_m2sx
xx.s

UsageFault_Handler 00000106

Symbol: UsageFault_Handler
   Definitions
      At line 358 in file ..\..\..\Fpga\firmware\CMSIS\startup_arm\startup_m2sx
xx.s
   Uses
      At line 56 in file ..\..\..\Fpga\firmware\CMSIS\startup_arm\startup_m2sxx
x.s
      At line 359 in file ..\..\..\Fpga\firmware\CMSIS\startup_arm\startup_m2sx
xx.s

WdogWakeup_IRQHandler 00000110

Symbol: WdogWakeup_IRQHandler
   Definitions
      At line 466 in file ..\..\..\Fpga\firmware\CMSIS\startup_arm\startup_m2sx
xx.s
   Uses
      At line 68 in file ..\..\..\Fpga\firmware\CMSIS\startup_arm\startup_m2sxx
x.s
      At line 382 in file ..\..\..\Fpga\firmware\CMSIS\startup_arm\startup_m2sx



ARM Macro Assembler    Page 21 Alphabetic symbol ordering
Relocatable symbols

xx.s

adjust_mddr_cfg 0000003C

Symbol: adjust_mddr_cfg
   Definitions
      At line 218 in file ..\..\..\Fpga\firmware\CMSIS\startup_arm\startup_m2sx
xx.s
   Uses
      None
Comment: adjust_mddr_cfg unused
branch_to_main 0000006C

Symbol: branch_to_main
   Definitions
      At line 250 in file ..\..\..\Fpga\firmware\CMSIS\startup_arm\startup_m2sx
xx.s
   Uses
      At line 221 in file ..\..\..\Fpga\firmware\CMSIS\startup_arm\startup_m2sx
xx.s
      At line 241 in file ..\..\..\Fpga\firmware\CMSIS\startup_arm\startup_m2sx
xx.s

call_system_init 00000034

Symbol: call_system_init
   Definitions
      At line 207 in file ..\..\..\Fpga\firmware\CMSIS\startup_arm\startup_m2sx
xx.s
   Uses
      At line 197 in file ..\..\..\Fpga\firmware\CMSIS\startup_arm\startup_m2sx
xx.s
Comment: call_system_init used once
check_esram_edac 0000001C

Symbol: check_esram_edac
   Definitions
      At line 191 in file ..\..\..\Fpga\firmware\CMSIS\startup_arm\startup_m2sx
xx.s
   Uses
      At line 189 in file ..\..\..\Fpga\firmware\CMSIS\startup_arm\startup_m2sx
xx.s
Comment: check_esram_edac used once
check_stack_init 00000024

Symbol: check_stack_init
   Definitions
      At line 195 in file ..\..\..\Fpga\firmware\CMSIS\startup_arm\startup_m2sx
xx.s
   Uses
      At line 193 in file ..\..\..\Fpga\firmware\CMSIS\startup_arm\startup_m2sx
xx.s
Comment: check_stack_init used once
clear_heap 0000005C

Symbol: clear_heap
   Definitions
      At line 239 in file ..\..\..\Fpga\firmware\CMSIS\startup_arm\startup_m2sx
xx.s



ARM Macro Assembler    Page 22 Alphabetic symbol ordering
Relocatable symbols

   Uses
      None
Comment: clear_heap unused
clear_stack 0000002A

Symbol: clear_stack
   Definitions
      At line 198 in file ..\..\..\Fpga\firmware\CMSIS\startup_arm\startup_m2sx
xx.s
   Uses
      None
Comment: clear_stack unused
fill_memory 00000088

Symbol: fill_memory
   Definitions
      At line 280 in file ..\..\..\Fpga\firmware\CMSIS\startup_arm\startup_m2sx
xx.s
   Uses
      At line 202 in file ..\..\..\Fpga\firmware\CMSIS\startup_arm\startup_m2sx
xx.s
      At line 245 in file ..\..\..\Fpga\firmware\CMSIS\startup_arm\startup_m2sx
xx.s

fill_memory_end_start 000000BE

Symbol: fill_memory_end_start
   Definitions
      At line 302 in file ..\..\..\Fpga\firmware\CMSIS\startup_arm\startup_m2sx
xx.s
   Uses
      At line 287 in file ..\..\..\Fpga\firmware\CMSIS\startup_arm\startup_m2sx
xx.s
      At line 296 in file ..\..\..\Fpga\firmware\CMSIS\startup_arm\startup_m2sx
xx.s

fill_memory_exit 000000FC

Symbol: fill_memory_exit
   Definitions
      At line 329 in file ..\..\..\Fpga\firmware\CMSIS\startup_arm\startup_m2sx
xx.s
   Uses
      At line 283 in file ..\..\..\Fpga\firmware\CMSIS\startup_arm\startup_m2sx
xx.s
      At line 323 in file ..\..\..\Fpga\firmware\CMSIS\startup_arm\startup_m2sx
xx.s

fill_memory_loop 000000D4

Symbol: fill_memory_loop
   Definitions
      At line 313 in file ..\..\..\Fpga\firmware\CMSIS\startup_arm\startup_m2sx
xx.s
   Uses
      At line 318 in file ..\..\..\Fpga\firmware\CMSIS\startup_arm\startup_m2sx
xx.s
Comment: fill_memory_loop used once
fill_memory_spare_bytes_end 000000E2



ARM Macro Assembler    Page 23 Alphabetic symbol ordering
Relocatable symbols


Symbol: fill_memory_spare_bytes_end
   Definitions
      At line 319 in file ..\..\..\Fpga\firmware\CMSIS\startup_arm\startup_m2sx
xx.s
   Uses
      At line 312 in file ..\..\..\Fpga\firmware\CMSIS\startup_arm\startup_m2sx
xx.s
Comment: fill_memory_spare_bytes_end used once
fill_memory_spare_bytes_start 000000AA

Symbol: fill_memory_spare_bytes_start
   Definitions
      At line 294 in file ..\..\..\Fpga\firmware\CMSIS\startup_arm\startup_m2sx
xx.s
   Uses
      At line 301 in file ..\..\..\Fpga\firmware\CMSIS\startup_arm\startup_m2sx
xx.s
Comment: fill_memory_spare_bytes_start used once
fill_memory_spare_end_loop 000000E6

Symbol: fill_memory_spare_end_loop
   Definitions
      At line 321 in file ..\..\..\Fpga\firmware\CMSIS\startup_arm\startup_m2sx
xx.s
   Uses
      At line 328 in file ..\..\..\Fpga\firmware\CMSIS\startup_arm\startup_m2sx
xx.s
Comment: fill_memory_spare_end_loop used once
mscc_post_hw_cfg_init 00000112

Symbol: mscc_post_hw_cfg_init
   Definitions
      At line 552 in file ..\..\..\Fpga\firmware\CMSIS\startup_arm\startup_m2sx
xx.s
   Uses
      At line 553 in file ..\..\..\Fpga\firmware\CMSIS\startup_arm\startup_m2sx
xx.s
Comment: mscc_post_hw_cfg_init used once
115 symbols



ARM Macro Assembler    Page 1 Alphabetic symbol ordering
Absolute symbols

Heap_Size 00000000

Symbol: Heap_Size
   Definitions
      At line 31 in file ..\..\..\Fpga\firmware\CMSIS\startup_arm\startup_m2sxx
x.s
   Uses
      At line 35 in file ..\..\..\Fpga\firmware\CMSIS\startup_arm\startup_m2sxx
x.s
Comment: Heap_Size used once
Stack_Size 00001000

Symbol: Stack_Size
   Definitions
      At line 18 in file ..\..\..\Fpga\firmware\CMSIS\startup_arm\startup_m2sxx
x.s
   Uses
      At line 22 in file ..\..\..\Fpga\firmware\CMSIS\startup_arm\startup_m2sxx
x.s
Comment: Stack_Size used once
__Vectors_Size 00000188

Symbol: __Vectors_Size
   Definitions
      At line 153 in file ..\..\..\Fpga\firmware\CMSIS\startup_arm\startup_m2sx
xx.s
   Uses
      At line 48 in file ..\..\..\Fpga\firmware\CMSIS\startup_arm\startup_m2sxx
x.s
Comment: __Vectors_Size used once
3 symbols



ARM Macro Assembler    Page 1 Alphabetic symbol ordering
External symbols

SystemInit 00000000

Symbol: SystemInit
   Definitions
      At line 162 in file ..\..\..\Fpga\firmware\CMSIS\startup_arm\startup_m2sx
xx.s
   Uses
      At line 208 in file ..\..\..\Fpga\firmware\CMSIS\startup_arm\startup_m2sx
xx.s
Comment: SystemInit used once
__main 00000000

Symbol: __main
   Definitions
      At line 164 in file ..\..\..\Fpga\firmware\CMSIS\startup_arm\startup_m2sx
xx.s
   Uses
      At line 251 in file ..\..\..\Fpga\firmware\CMSIS\startup_arm\startup_m2sx
xx.s
Comment: __main used once
low_level_init 00000000

Symbol: low_level_init
   Definitions
      At line 163 in file ..\..\..\Fpga\firmware\CMSIS\startup_arm\startup_m2sx
xx.s
   Uses
      At line 210 in file ..\..\..\Fpga\firmware\CMSIS\startup_arm\startup_m2sx
xx.s
Comment: low_level_init used once
3 symbols
467 symbols in table
