sourcing C:\Microsemi\Libero_SoC_v11.7\Synplify\lib\message_override.tcl


Starting:    C:\Microsemi\Libero_SoC_v11.7\Synplify\bin64\mbin\synbatch.exe
Install:     C:\Microsemi\Libero_SoC_v11.7\Synplify
Hostname:    ANDERSONHAN2A2A
Date:        Tue Jan 10 22:42:05 2017
Version:     J-2015.03M-SP1-2

Arguments:   -product synplify_pro -licensetype synplifypro_actel -batch -log synplify.log M2sExt_syn.tcl
ProductType: synplify_pro

License checkout: synplifypro_actel
License: synplifypro_actel node-locked 
Licensed Vendor: actel
License Option: actel_oem

Running in Vendor Mode


auto_infer_blackbox is not supported in current product.

log file: "C:\Users\AndersonHan\Desktop\USBSimBoard\Fpga\synthesis\M2sExt.srr"

Running: synthesis in foreground



Running M2sExt_syn|synthesis


Running: compile (Compile) on M2sExt_syn|synthesis


Running: compile_flow (Compile Process) on M2sExt_syn|synthesis


Running: compiler (Compile Input) on M2sExt_syn|synthesis

Copied C:\Users\AndersonHan\Desktop\USBSimBoard\Fpga\synthesis\synwork\M2sExt_comp.srs to C:\Users\AndersonHan\Desktop\USBSimBoard\Fpga\synthesis\M2sExt.srs


compiler Completed
Return Code: 0
Run Time:0h:00m:04s


Running: multi_srs_gen (Multi-srs Generator) on M2sExt_syn|synthesis

Copied C:\Users\AndersonHan\Desktop\USBSimBoard\Fpga\synthesis\synwork\M2sExt_comp.srs to C:\Users\AndersonHan\Desktop\USBSimBoard\Fpga\synthesis\synwork\M2sExt_s.srs


multi_srs_gen Completed
Return Code: 0
Run Time:0h:00m:00s

Copied C:\Users\AndersonHan\Desktop\USBSimBoard\Fpga\synthesis\synwork\M2sExt_mult.srs to C:\Users\AndersonHan\Desktop\USBSimBoard\Fpga\synthesis\M2sExt.srs

Complete: Compile Process on M2sExt_syn|synthesis


Running: premap (Pre-mapping) on M2sExt_syn|synthesis

Copied C:\Users\AndersonHan\Desktop\USBSimBoard\Fpga\synthesis\M2sExt.sap to C:\Users\AndersonHan\Desktop\USBSimBoard\Fpga\synthesis\synwork\M2sExt_s.sap

Copied C:\Users\AndersonHan\Desktop\USBSimBoard\Fpga\synthesis\M2sExt.fse to C:\Users\AndersonHan\Desktop\USBSimBoard\Fpga\synthesis\synwork\M2sExt_s.fse


premap Completed with warnings
Return Code: 1
Run Time:0h:00m:02s

Complete: Compile on M2sExt_syn|synthesis


Running: map (Map) on M2sExt_syn|synthesis


Running: fpga_mapper (Map & Optimize) on M2sExt_syn|synthesis

Copied C:\Users\AndersonHan\Desktop\USBSimBoard\Fpga\synthesis\synwork\M2sExt_m.srm to C:\Users\AndersonHan\Desktop\USBSimBoard\Fpga\synthesis\M2sExt.srm


fpga_mapper Completed with warnings
Return Code: 1
Run Time:0h:00m:18s

Complete: Map on M2sExt_syn|synthesis

Complete: Logic Synthesis on M2sExt_syn|synthesis

TCL script complete: "M2sExt_syn.tcl"

exit status=0

exit status=0

License checkin: synplifypro_actel

