C:\Microsemi\Libero_SoC_v11.7\Synplify\bin64\c_hdl.exe  -osyn  C:\Users\AndersonHan\Desktop\BentoBox\Fpga\synthesis\synwork\M2sExt_comp.srs  -top  work.M2sExt  -hdllog  C:\Users\AndersonHan\Desktop\BentoBox\Fpga\synthesis\synlog\M2sExt_compiler.srr  -encrypt  -mp  1  -vhdl  -prodtype  synplify_pro  -infer_seqShift -primux -dspmac -pqdpadd -fixsmult -sdff_counter -divnmod -nram  -encrypt  -pro  -dmgen  C:\Users\AndersonHan\Desktop\BentoBox\Fpga\synthesis\dm  -lite -ui -fid2 -ram -sharing on -ll 2000 -autosm  -vhdl2008  -ignore_undefined_lib  -lib work C:\Users\AndersonHan\Desktop\BentoBox\Fpga\component\work\M2sExt\IO_0\M2sExt_IO_0_IO.vhd -lib work C:\Users\AndersonHan\Desktop\BentoBox\Fpga\component\Actel\DirectCore\CoreInterrupt\1.1.101\rtl\vhdl\u\CoreInterrupt.vhd -lib work C:\Users\AndersonHan\Desktop\BentoBox\Fpga\component\Actel\DirectCore\CoreResetP\7.0.104\rtl\vhdl\core\coreresetp_pcie_hotreset.vhd -lib work C:\Users\AndersonHan\Desktop\BentoBox\Fpga\component\Actel\DirectCore\CoreResetP\7.0.104\rtl\vhdl\core\coreresetp.vhd -lib work C:\Users\AndersonHan\Desktop\BentoBox\Fpga\component\work\M2sExt_sb\CCC_0\M2sExt_sb_CCC_0_FCCC.vhd -lib work C:\Users\AndersonHan\Desktop\BentoBox\Fpga\component\Actel\SgCore\OSC\2.0.101\osc_comps.vhd -lib work C:\Users\AndersonHan\Desktop\BentoBox\Fpga\component\work\M2sExt_sb\FABOSC_0\M2sExt_sb_FABOSC_0_OSC.vhd -lib work C:\Users\AndersonHan\Desktop\BentoBox\Fpga\component\work\M2sExt_sb_MSS\M2sExt_sb_MSS_syn.vhd -lib work C:\Users\AndersonHan\Desktop\BentoBox\Fpga\component\work\M2sExt_sb_MSS\M2sExt_sb_MSS.vhd -lib COREAHBLITE_LIB C:\Users\AndersonHan\Desktop\BentoBox\Fpga\component\Actel\DirectCore\CoreAHBLite\5.2.100\rtl\vhdl\core\coreahblite_addrdec.vhd -lib COREAHBLITE_LIB C:\Users\AndersonHan\Desktop\BentoBox\Fpga\component\Actel\DirectCore\CoreAHBLite\5.2.100\rtl\vhdl\core\coreahblite_defaultslavesm.vhd -lib COREAHBLITE_LIB C:\Users\AndersonHan\Desktop\BentoBox\Fpga\component\Actel\DirectCore\CoreAHBLite\5.2.100\rtl\vhdl\core\coreahblite_masterstage.vhd -lib COREAHBLITE_LIB C:\Users\AndersonHan\Desktop\BentoBox\Fpga\component\Actel\DirectCore\CoreAHBLite\5.2.100\rtl\vhdl\core\coreahblite_slavearbiter.vhd -lib COREAHBLITE_LIB C:\Users\AndersonHan\Desktop\BentoBox\Fpga\component\Actel\DirectCore\CoreAHBLite\5.2.100\rtl\vhdl\core\coreahblite_slavestage.vhd -lib COREAHBLITE_LIB C:\Users\AndersonHan\Desktop\BentoBox\Fpga\component\Actel\DirectCore\CoreAHBLite\5.2.100\rtl\vhdl\core\coreahblite_matrix4x16.vhd -lib COREAHBLITE_LIB C:\Users\AndersonHan\Desktop\BentoBox\Fpga\component\Actel\DirectCore\CoreAHBLite\5.2.100\rtl\vhdl\core\coreahblite_pkg.vhd -lib COREAHBLITE_LIB C:\Users\AndersonHan\Desktop\BentoBox\Fpga\component\Actel\DirectCore\CoreAHBLite\5.2.100\rtl\vhdl\core\coreahblite.vhd -lib COREAHBTOAPB3_LIB C:\Users\AndersonHan\Desktop\BentoBox\Fpga\component\Actel\DirectCore\COREAHBTOAPB3\3.1.100\rtl\vhdl\core\coreahbtoapb3_ahbtoapbsm.vhd -lib COREAHBTOAPB3_LIB C:\Users\AndersonHan\Desktop\BentoBox\Fpga\component\Actel\DirectCore\COREAHBTOAPB3\3.1.100\rtl\vhdl\core\coreahbtoapb3_apbaddrdata.vhd -lib COREAHBTOAPB3_LIB C:\Users\AndersonHan\Desktop\BentoBox\Fpga\component\Actel\DirectCore\COREAHBTOAPB3\3.1.100\rtl\vhdl\core\coreahbtoapb3_penablescheduler.vhd -lib COREAHBTOAPB3_LIB C:\Users\AndersonHan\Desktop\BentoBox\Fpga\component\Actel\DirectCore\COREAHBTOAPB3\3.1.100\rtl\vhdl\core\ahbtoapb3_pkg.vhd -lib COREAHBTOAPB3_LIB C:\Users\AndersonHan\Desktop\BentoBox\Fpga\component\Actel\DirectCore\COREAHBTOAPB3\3.1.100\rtl\vhdl\core\coreahbtoapb3.vhd -lib COREAPB3_LIB C:\Users\AndersonHan\Desktop\BentoBox\Fpga\component\Actel\DirectCore\CoreAPB3\4.1.100\rtl\vhdl\core\coreapb3_muxptob3.vhd -lib COREAPB3_LIB C:\Users\AndersonHan\Desktop\BentoBox\Fpga\component\Actel\DirectCore\CoreAPB3\4.1.100\rtl\vhdl\core\coreapb3_iaddr_reg.vhd -lib COREAPB3_LIB C:\Users\AndersonHan\Desktop\BentoBox\Fpga\component\Actel\DirectCore\CoreAPB3\4.1.100\rtl\vhdl\core\coreapb3.vhd -lib COREGPIO_LIB C:\Users\AndersonHan\Desktop\BentoBox\Fpga\component\Actel\DirectCore\CoreGPIO\3.0.120\rtl\vhdl\core\coregpio_pkg.vhd -lib COREGPIO_LIB C:\Users\AndersonHan\Desktop\BentoBox\Fpga\component\Actel\DirectCore\CoreGPIO\3.0.120\rtl\vhdl\core\coregpio.vhd -lib COREI2C_LIB C:\Users\AndersonHan\Desktop\BentoBox\Fpga\component\Actel\DirectCore\COREI2C\7.0.102\rtl\vhdl\core\corei2creal.vhd -lib COREI2C_LIB C:\Users\AndersonHan\Desktop\BentoBox\Fpga\component\Actel\DirectCore\COREI2C\7.0.102\rtl\vhdl\core\corei2c.vhd -lib CORESPI_LIB C:\Users\AndersonHan\Desktop\BentoBox\Fpga\component\Actel\DirectCore\CORESPI\3.0.156\rtl\vhdl\core\spi_master.vhd -lib CORESPI_LIB C:\Users\AndersonHan\Desktop\BentoBox\Fpga\component\Actel\DirectCore\CORESPI\3.0.156\rtl\vhdl\core\spi_slave.vhd -lib CORESPI_LIB C:\Users\AndersonHan\Desktop\BentoBox\Fpga\component\Actel\DirectCore\CORESPI\3.0.156\rtl\vhdl\core\corespi_sfr.vhd -lib CORESPI_LIB C:\Users\AndersonHan\Desktop\BentoBox\Fpga\component\Actel\DirectCore\CORESPI\3.0.156\rtl\vhdl\core\corespi.vhd -lib COREUARTAPB_LIB C:\Users\AndersonHan\Desktop\BentoBox\Fpga\component\work\M2sExt_sb\CoreUARTapb_0_0\rtl\vhdl\core\Clock_gen.vhd -lib COREUARTAPB_LIB C:\Users\AndersonHan\Desktop\BentoBox\Fpga\component\work\M2sExt_sb\CoreUARTapb_0_0\rtl\vhdl\core\Rx_async.vhd -lib COREUARTAPB_LIB C:\Users\AndersonHan\Desktop\BentoBox\Fpga\component\work\M2sExt_sb\CoreUARTapb_0_0\rtl\vhdl\core\Tx_async.vhd -lib COREUARTAPB_LIB C:\Users\AndersonHan\Desktop\BentoBox\Fpga\component\work\M2sExt_sb\CoreUARTapb_0_0\rtl\vhdl\core\fifo_256x8_smartfusion2.vhd -lib COREUARTAPB_LIB C:\Users\AndersonHan\Desktop\BentoBox\Fpga\component\work\M2sExt_sb\CoreUARTapb_0_0\rtl\vhdl\core\CoreUART.vhd -lib COREUARTAPB_LIB C:\Users\AndersonHan\Desktop\BentoBox\Fpga\component\work\M2sExt_sb\CoreUARTapb_0_0\rtl\vhdl\core\CoreUARTapb.vhd -lib COREUARTAPB_LIB C:\Users\AndersonHan\Desktop\BentoBox\Fpga\component\work\M2sExt_sb\CoreUARTapb_0_1\rtl\vhdl\core\Clock_gen.vhd -lib COREUARTAPB_LIB C:\Users\AndersonHan\Desktop\BentoBox\Fpga\component\work\M2sExt_sb\CoreUARTapb_0_1\rtl\vhdl\core\Rx_async.vhd -lib COREUARTAPB_LIB C:\Users\AndersonHan\Desktop\BentoBox\Fpga\component\work\M2sExt_sb\CoreUARTapb_0_1\rtl\vhdl\core\Tx_async.vhd -lib COREUARTAPB_LIB C:\Users\AndersonHan\Desktop\BentoBox\Fpga\component\work\M2sExt_sb\CoreUARTapb_0_1\rtl\vhdl\core\fifo_256x8_smartfusion2.vhd -lib COREUARTAPB_LIB C:\Users\AndersonHan\Desktop\BentoBox\Fpga\component\work\M2sExt_sb\CoreUARTapb_0_1\rtl\vhdl\core\CoreUART.vhd -lib COREUARTAPB_LIB C:\Users\AndersonHan\Desktop\BentoBox\Fpga\component\work\M2sExt_sb\CoreUARTapb_0_1\rtl\vhdl\core\CoreUARTapb.vhd -lib COREUARTAPB_LIB C:\Users\AndersonHan\Desktop\BentoBox\Fpga\component\work\M2sExt_sb\CoreUARTapb_0_2\rtl\vhdl\core\Clock_gen.vhd -lib COREUARTAPB_LIB C:\Users\AndersonHan\Desktop\BentoBox\Fpga\component\work\M2sExt_sb\CoreUARTapb_0_2\rtl\vhdl\core\Rx_async.vhd -lib COREUARTAPB_LIB C:\Users\AndersonHan\Desktop\BentoBox\Fpga\component\work\M2sExt_sb\CoreUARTapb_0_2\rtl\vhdl\core\Tx_async.vhd -lib COREUARTAPB_LIB C:\Users\AndersonHan\Desktop\BentoBox\Fpga\component\work\M2sExt_sb\CoreUARTapb_0_2\rtl\vhdl\core\fifo_256x8_smartfusion2.vhd -lib COREUARTAPB_LIB C:\Users\AndersonHan\Desktop\BentoBox\Fpga\component\work\M2sExt_sb\CoreUARTapb_0_2\rtl\vhdl\core\CoreUART.vhd -lib COREUARTAPB_LIB C:\Users\AndersonHan\Desktop\BentoBox\Fpga\component\work\M2sExt_sb\CoreUARTapb_0_2\rtl\vhdl\core\CoreUARTapb.vhd -lib COREUARTAPB_LIB C:\Users\AndersonHan\Desktop\BentoBox\Fpga\component\work\M2sExt_sb\CoreUARTapb_0_3\rtl\vhdl\core\Clock_gen.vhd -lib COREUARTAPB_LIB C:\Users\AndersonHan\Desktop\BentoBox\Fpga\component\work\M2sExt_sb\CoreUARTapb_0_3\rtl\vhdl\core\Rx_async.vhd -lib COREUARTAPB_LIB C:\Users\AndersonHan\Desktop\BentoBox\Fpga\component\work\M2sExt_sb\CoreUARTapb_0_3\rtl\vhdl\core\Tx_async.vhd -lib COREUARTAPB_LIB C:\Users\AndersonHan\Desktop\BentoBox\Fpga\component\work\M2sExt_sb\CoreUARTapb_0_3\rtl\vhdl\core\fifo_256x8_smartfusion2.vhd -lib COREUARTAPB_LIB C:\Users\AndersonHan\Desktop\BentoBox\Fpga\component\work\M2sExt_sb\CoreUARTapb_0_3\rtl\vhdl\core\CoreUART.vhd -lib COREUARTAPB_LIB C:\Users\AndersonHan\Desktop\BentoBox\Fpga\component\work\M2sExt_sb\CoreUARTapb_0_3\rtl\vhdl\core\CoreUARTapb.vhd -lib COREUARTAPB_LIB C:\Users\AndersonHan\Desktop\BentoBox\Fpga\component\work\M2sExt_sb\CoreUARTapb_0_4\rtl\vhdl\core\Clock_gen.vhd -lib COREUARTAPB_LIB C:\Users\AndersonHan\Desktop\BentoBox\Fpga\component\work\M2sExt_sb\CoreUARTapb_0_4\rtl\vhdl\core\Rx_async.vhd -lib COREUARTAPB_LIB C:\Users\AndersonHan\Desktop\BentoBox\Fpga\component\work\M2sExt_sb\CoreUARTapb_0_4\rtl\vhdl\core\Tx_async.vhd -lib COREUARTAPB_LIB C:\Users\AndersonHan\Desktop\BentoBox\Fpga\component\work\M2sExt_sb\CoreUARTapb_0_4\rtl\vhdl\core\fifo_256x8_smartfusion2.vhd -lib COREUARTAPB_LIB C:\Users\AndersonHan\Desktop\BentoBox\Fpga\component\work\M2sExt_sb\CoreUARTapb_0_4\rtl\vhdl\core\CoreUART.vhd -lib COREUARTAPB_LIB C:\Users\AndersonHan\Desktop\BentoBox\Fpga\component\work\M2sExt_sb\CoreUARTapb_0_4\rtl\vhdl\core\CoreUARTapb.vhd -lib COREUARTAPB_LIB C:\Users\AndersonHan\Desktop\BentoBox\Fpga\component\work\M2sExt_sb\CoreUARTapb_0_5\rtl\vhdl\core\Clock_gen.vhd -lib COREUARTAPB_LIB C:\Users\AndersonHan\Desktop\BentoBox\Fpga\component\work\M2sExt_sb\CoreUARTapb_0_5\rtl\vhdl\core\Rx_async.vhd -lib COREUARTAPB_LIB C:\Users\AndersonHan\Desktop\BentoBox\Fpga\component\work\M2sExt_sb\CoreUARTapb_0_5\rtl\vhdl\core\Tx_async.vhd -lib COREUARTAPB_LIB C:\Users\AndersonHan\Desktop\BentoBox\Fpga\component\work\M2sExt_sb\CoreUARTapb_0_5\rtl\vhdl\core\fifo_256x8_smartfusion2.vhd -lib COREUARTAPB_LIB C:\Users\AndersonHan\Desktop\BentoBox\Fpga\component\work\M2sExt_sb\CoreUARTapb_0_5\rtl\vhdl\core\CoreUART.vhd -lib COREUARTAPB_LIB C:\Users\AndersonHan\Desktop\BentoBox\Fpga\component\work\M2sExt_sb\CoreUARTapb_0_5\rtl\vhdl\core\CoreUARTapb.vhd -lib COREUARTAPB_LIB C:\Users\AndersonHan\Desktop\BentoBox\Fpga\component\work\M2sExt_sb\CoreUARTapb_0_6\rtl\vhdl\core\Clock_gen.vhd -lib COREUARTAPB_LIB C:\Users\AndersonHan\Desktop\BentoBox\Fpga\component\work\M2sExt_sb\CoreUARTapb_0_6\rtl\vhdl\core\Rx_async.vhd -lib COREUARTAPB_LIB C:\Users\AndersonHan\Desktop\BentoBox\Fpga\component\work\M2sExt_sb\CoreUARTapb_0_6\rtl\vhdl\core\Tx_async.vhd -lib COREUARTAPB_LIB C:\Users\AndersonHan\Desktop\BentoBox\Fpga\component\work\M2sExt_sb\CoreUARTapb_0_6\rtl\vhdl\core\fifo_256x8_smartfusion2.vhd -lib COREUARTAPB_LIB C:\Users\AndersonHan\Desktop\BentoBox\Fpga\component\work\M2sExt_sb\CoreUARTapb_0_6\rtl\vhdl\core\CoreUART.vhd -lib COREUARTAPB_LIB C:\Users\AndersonHan\Desktop\BentoBox\Fpga\component\work\M2sExt_sb\CoreUARTapb_0_6\rtl\vhdl\core\CoreUARTapb.vhd -lib COREUARTAPB_LIB C:\Users\AndersonHan\Desktop\BentoBox\Fpga\component\work\M2sExt_sb\CoreUARTapb_0_7\rtl\vhdl\core\Clock_gen.vhd -lib COREUARTAPB_LIB C:\Users\AndersonHan\Desktop\BentoBox\Fpga\component\work\M2sExt_sb\CoreUARTapb_0_7\rtl\vhdl\core\Rx_async.vhd -lib COREUARTAPB_LIB C:\Users\AndersonHan\Desktop\BentoBox\Fpga\component\work\M2sExt_sb\CoreUARTapb_0_7\rtl\vhdl\core\Tx_async.vhd -lib COREUARTAPB_LIB C:\Users\AndersonHan\Desktop\BentoBox\Fpga\component\work\M2sExt_sb\CoreUARTapb_0_7\rtl\vhdl\core\fifo_256x8_smartfusion2.vhd -lib COREUARTAPB_LIB C:\Users\AndersonHan\Desktop\BentoBox\Fpga\component\work\M2sExt_sb\CoreUARTapb_0_7\rtl\vhdl\core\CoreUART.vhd -lib COREUARTAPB_LIB C:\Users\AndersonHan\Desktop\BentoBox\Fpga\component\work\M2sExt_sb\CoreUARTapb_0_7\rtl\vhdl\core\CoreUARTapb.vhd -lib COREUARTAPB_LIB C:\Users\AndersonHan\Desktop\BentoBox\Fpga\component\work\M2sExt_sb\CoreUARTapb_0_8\rtl\vhdl\core\Clock_gen.vhd -lib COREUARTAPB_LIB C:\Users\AndersonHan\Desktop\BentoBox\Fpga\component\work\M2sExt_sb\CoreUARTapb_0_8\rtl\vhdl\core\Rx_async.vhd -lib COREUARTAPB_LIB C:\Users\AndersonHan\Desktop\BentoBox\Fpga\component\work\M2sExt_sb\CoreUARTapb_0_8\rtl\vhdl\core\Tx_async.vhd -lib COREUARTAPB_LIB C:\Users\AndersonHan\Desktop\BentoBox\Fpga\component\work\M2sExt_sb\CoreUARTapb_0_8\rtl\vhdl\core\fifo_256x8_smartfusion2.vhd -lib COREUARTAPB_LIB C:\Users\AndersonHan\Desktop\BentoBox\Fpga\component\work\M2sExt_sb\CoreUARTapb_0_8\rtl\vhdl\core\CoreUART.vhd -lib COREUARTAPB_LIB C:\Users\AndersonHan\Desktop\BentoBox\Fpga\component\work\M2sExt_sb\CoreUARTapb_0_8\rtl\vhdl\core\CoreUARTapb.vhd -lib COREUARTAPB_LIB C:\Users\AndersonHan\Desktop\BentoBox\Fpga\component\work\M2sExt_sb\CoreUARTapb_0_9\rtl\vhdl\core\Clock_gen.vhd -lib COREUARTAPB_LIB C:\Users\AndersonHan\Desktop\BentoBox\Fpga\component\work\M2sExt_sb\CoreUARTapb_0_9\rtl\vhdl\core\Rx_async.vhd -lib COREUARTAPB_LIB C:\Users\AndersonHan\Desktop\BentoBox\Fpga\component\work\M2sExt_sb\CoreUARTapb_0_9\rtl\vhdl\core\Tx_async.vhd -lib COREUARTAPB_LIB C:\Users\AndersonHan\Desktop\BentoBox\Fpga\component\work\M2sExt_sb\CoreUARTapb_0_9\rtl\vhdl\core\fifo_256x8_smartfusion2.vhd -lib COREUARTAPB_LIB C:\Users\AndersonHan\Desktop\BentoBox\Fpga\component\work\M2sExt_sb\CoreUARTapb_0_9\rtl\vhdl\core\CoreUART.vhd -lib COREUARTAPB_LIB C:\Users\AndersonHan\Desktop\BentoBox\Fpga\component\work\M2sExt_sb\CoreUARTapb_0_9\rtl\vhdl\core\CoreUARTapb.vhd -lib COREAHBLITE_LIB C:\Users\AndersonHan\Desktop\BentoBox\Fpga\component\Actel\DirectCore\CoreAHBLite\5.2.100\rtl\vhdl\core\components.vhd -lib COREAHBTOAPB3_LIB C:\Users\AndersonHan\Desktop\BentoBox\Fpga\component\Actel\DirectCore\COREAHBTOAPB3\3.1.100\rtl\vhdl\core\components.vhd -lib COREAPB3_LIB C:\Users\AndersonHan\Desktop\BentoBox\Fpga\component\Actel\DirectCore\CoreAPB3\4.1.100\rtl\vhdl\core\components.vhd -lib COREGPIO_LIB C:\Users\AndersonHan\Desktop\BentoBox\Fpga\component\Actel\DirectCore\CoreGPIO\3.0.120\rtl\vhdl\core\components.vhd -lib CORESPI_LIB C:\Users\AndersonHan\Desktop\BentoBox\Fpga\component\Actel\DirectCore\CORESPI\3.0.156\rtl\vhdl\core\components.vhd -lib COREUARTAPB_LIB C:\Users\AndersonHan\Desktop\BentoBox\Fpga\component\work\M2sExt_sb\CoreUARTapb_0_9\rtl\vhdl\core\components.vhd -lib work C:\Users\AndersonHan\Desktop\BentoBox\Fpga\component\work\M2sExt_sb\M2sExt_sb.vhd -lib work C:\Users\AndersonHan\Desktop\BentoBox\Fpga\component\work\M2sExt\M2sExt.vhd 
rc:0 success:1
C:\Users\AndersonHan\Desktop\BentoBox\Fpga\synthesis\synwork\M2sExt_comp.srs|o|1475998366|571540
C:\Users\AndersonHan\Desktop\BentoBox\Fpga\synthesis\synlog\M2sExt_compiler.srr|o|1475998366|228652
C:\Users\AndersonHan\Desktop\BentoBox\Fpga\component\work\M2sExt\IO_0\M2sExt_IO_0_IO.vhd|i|1475910456|646
C:\Users\AndersonHan\Desktop\BentoBox\Fpga\component\Actel\DirectCore\CoreInterrupt\1.1.101\rtl\vhdl\u\CoreInterrupt.vhd|i|1456158713|16998
C:\Users\AndersonHan\Desktop\BentoBox\Fpga\component\Actel\DirectCore\CoreResetP\7.0.104\rtl\vhdl\core\coreresetp_pcie_hotreset.vhd|i|1456158713|9297
C:\Users\AndersonHan\Desktop\BentoBox\Fpga\component\Actel\DirectCore\CoreResetP\7.0.104\rtl\vhdl\core\coreresetp.vhd|i|1456158713|75039
C:\Users\AndersonHan\Desktop\BentoBox\Fpga\component\work\M2sExt_sb\CCC_0\M2sExt_sb_CCC_0_FCCC.vhd|i|1475910377|5526
C:\Users\AndersonHan\Desktop\BentoBox\Fpga\component\Actel\SgCore\OSC\2.0.101\osc_comps.vhd|i|1456158716|2164
C:\Users\AndersonHan\Desktop\BentoBox\Fpga\component\work\M2sExt_sb\FABOSC_0\M2sExt_sb_FABOSC_0_OSC.vhd|i|1475910384|1534
C:\Users\AndersonHan\Desktop\BentoBox\Fpga\component\work\M2sExt_sb_MSS\M2sExt_sb_MSS_syn.vhd|i|1475910363|70831
C:\Users\AndersonHan\Desktop\BentoBox\Fpga\component\work\M2sExt_sb_MSS\M2sExt_sb_MSS.vhd|i|1475910364|90111
C:\Users\AndersonHan\Desktop\BentoBox\Fpga\component\Actel\DirectCore\CoreAHBLite\5.2.100\rtl\vhdl\core\coreahblite_addrdec.vhd|i|1456158712|11199
C:\Users\AndersonHan\Desktop\BentoBox\Fpga\component\Actel\DirectCore\CoreAHBLite\5.2.100\rtl\vhdl\core\coreahblite_defaultslavesm.vhd|i|1456158712|2760
C:\Users\AndersonHan\Desktop\BentoBox\Fpga\component\Actel\DirectCore\CoreAHBLite\5.2.100\rtl\vhdl\core\coreahblite_masterstage.vhd|i|1456158712|30586
C:\Users\AndersonHan\Desktop\BentoBox\Fpga\component\Actel\DirectCore\CoreAHBLite\5.2.100\rtl\vhdl\core\coreahblite_slavearbiter.vhd|i|1456158712|17249
C:\Users\AndersonHan\Desktop\BentoBox\Fpga\component\Actel\DirectCore\CoreAHBLite\5.2.100\rtl\vhdl\core\coreahblite_slavestage.vhd|i|1456158712|12256
C:\Users\AndersonHan\Desktop\BentoBox\Fpga\component\Actel\DirectCore\CoreAHBLite\5.2.100\rtl\vhdl\core\coreahblite_matrix4x16.vhd|i|1456158712|426134
C:\Users\AndersonHan\Desktop\BentoBox\Fpga\component\Actel\DirectCore\CoreAHBLite\5.2.100\rtl\vhdl\core\coreahblite_pkg.vhd|i|1456158712|425
C:\Users\AndersonHan\Desktop\BentoBox\Fpga\component\Actel\DirectCore\CoreAHBLite\5.2.100\rtl\vhdl\core\coreahblite.vhd|i|1456158712|62288
C:\Users\AndersonHan\Desktop\BentoBox\Fpga\component\Actel\DirectCore\COREAHBTOAPB3\3.1.100\rtl\vhdl\core\coreahbtoapb3_ahbtoapbsm.vhd|i|1456158712|12668
C:\Users\AndersonHan\Desktop\BentoBox\Fpga\component\Actel\DirectCore\COREAHBTOAPB3\3.1.100\rtl\vhdl\core\coreahbtoapb3_apbaddrdata.vhd|i|1456158712|5229
C:\Users\AndersonHan\Desktop\BentoBox\Fpga\component\Actel\DirectCore\COREAHBTOAPB3\3.1.100\rtl\vhdl\core\coreahbtoapb3_penablescheduler.vhd|i|1456158712|4814
C:\Users\AndersonHan\Desktop\BentoBox\Fpga\component\Actel\DirectCore\COREAHBTOAPB3\3.1.100\rtl\vhdl\core\ahbtoapb3_pkg.vhd|i|1456158712|417
C:\Users\AndersonHan\Desktop\BentoBox\Fpga\component\Actel\DirectCore\COREAHBTOAPB3\3.1.100\rtl\vhdl\core\coreahbtoapb3.vhd|i|1456158712|8823
C:\Users\AndersonHan\Desktop\BentoBox\Fpga\component\Actel\DirectCore\CoreAPB3\4.1.100\rtl\vhdl\core\coreapb3_muxptob3.vhd|i|1456158713|9523
C:\Users\AndersonHan\Desktop\BentoBox\Fpga\component\Actel\DirectCore\CoreAPB3\4.1.100\rtl\vhdl\core\coreapb3_iaddr_reg.vhd|i|1456158713|5757
C:\Users\AndersonHan\Desktop\BentoBox\Fpga\component\Actel\DirectCore\CoreAPB3\4.1.100\rtl\vhdl\core\coreapb3.vhd|i|1456158713|78851
C:\Users\AndersonHan\Desktop\BentoBox\Fpga\component\Actel\DirectCore\CoreGPIO\3.0.120\rtl\vhdl\core\coregpio_pkg.vhd|i|1456231375|2801
C:\Users\AndersonHan\Desktop\BentoBox\Fpga\component\Actel\DirectCore\CoreGPIO\3.0.120\rtl\vhdl\core\coregpio.vhd|i|1456231375|36868
C:\Users\AndersonHan\Desktop\BentoBox\Fpga\component\Actel\DirectCore\COREI2C\7.0.102\rtl\vhdl\core\corei2creal.vhd|i|1456158713|104196
C:\Users\AndersonHan\Desktop\BentoBox\Fpga\component\Actel\DirectCore\COREI2C\7.0.102\rtl\vhdl\core\corei2c.vhd|i|1456158713|27221
C:\Users\AndersonHan\Desktop\BentoBox\Fpga\component\Actel\DirectCore\CORESPI\3.0.156\rtl\vhdl\core\spi_master.vhd|i|1456158713|13866
C:\Users\AndersonHan\Desktop\BentoBox\Fpga\component\Actel\DirectCore\CORESPI\3.0.156\rtl\vhdl\core\spi_slave.vhd|i|1456158713|6347
C:\Users\AndersonHan\Desktop\BentoBox\Fpga\component\Actel\DirectCore\CORESPI\3.0.156\rtl\vhdl\core\corespi_sfr.vhd|i|1456158713|13698
C:\Users\AndersonHan\Desktop\BentoBox\Fpga\component\Actel\DirectCore\CORESPI\3.0.156\rtl\vhdl\core\corespi.vhd|i|1456158713|5201
C:\Users\AndersonHan\Desktop\BentoBox\Fpga\component\work\M2sExt_sb\CoreUARTapb_0_0\rtl\vhdl\core\Clock_gen.vhd|i|1475910381|11341
C:\Users\AndersonHan\Desktop\BentoBox\Fpga\component\work\M2sExt_sb\CoreUARTapb_0_0\rtl\vhdl\core\Rx_async.vhd|i|1475910381|18596
C:\Users\AndersonHan\Desktop\BentoBox\Fpga\component\work\M2sExt_sb\CoreUARTapb_0_0\rtl\vhdl\core\Tx_async.vhd|i|1475910381|10222
C:\Users\AndersonHan\Desktop\BentoBox\Fpga\component\work\M2sExt_sb\CoreUARTapb_0_0\rtl\vhdl\core\fifo_256x8_smartfusion2.vhd|i|1475910381|16775
C:\Users\AndersonHan\Desktop\BentoBox\Fpga\component\work\M2sExt_sb\CoreUARTapb_0_0\rtl\vhdl\core\CoreUART.vhd|i|1475910381|20041
C:\Users\AndersonHan\Desktop\BentoBox\Fpga\component\work\M2sExt_sb\CoreUARTapb_0_0\rtl\vhdl\core\CoreUARTapb.vhd|i|1475910381|16798
C:\Users\AndersonHan\Desktop\BentoBox\Fpga\component\work\M2sExt_sb\CoreUARTapb_0_1\rtl\vhdl\core\Clock_gen.vhd|i|1475910381|11341
C:\Users\AndersonHan\Desktop\BentoBox\Fpga\component\work\M2sExt_sb\CoreUARTapb_0_1\rtl\vhdl\core\Rx_async.vhd|i|1475910381|18596
C:\Users\AndersonHan\Desktop\BentoBox\Fpga\component\work\M2sExt_sb\CoreUARTapb_0_1\rtl\vhdl\core\Tx_async.vhd|i|1475910381|10222
C:\Users\AndersonHan\Desktop\BentoBox\Fpga\component\work\M2sExt_sb\CoreUARTapb_0_1\rtl\vhdl\core\fifo_256x8_smartfusion2.vhd|i|1475910381|16775
C:\Users\AndersonHan\Desktop\BentoBox\Fpga\component\work\M2sExt_sb\CoreUARTapb_0_1\rtl\vhdl\core\CoreUART.vhd|i|1475910381|20041
C:\Users\AndersonHan\Desktop\BentoBox\Fpga\component\work\M2sExt_sb\CoreUARTapb_0_1\rtl\vhdl\core\CoreUARTapb.vhd|i|1475910381|16798
C:\Users\AndersonHan\Desktop\BentoBox\Fpga\component\work\M2sExt_sb\CoreUARTapb_0_2\rtl\vhdl\core\Clock_gen.vhd|i|1475910382|11341
C:\Users\AndersonHan\Desktop\BentoBox\Fpga\component\work\M2sExt_sb\CoreUARTapb_0_2\rtl\vhdl\core\Rx_async.vhd|i|1475910382|18596
C:\Users\AndersonHan\Desktop\BentoBox\Fpga\component\work\M2sExt_sb\CoreUARTapb_0_2\rtl\vhdl\core\Tx_async.vhd|i|1475910382|10222
C:\Users\AndersonHan\Desktop\BentoBox\Fpga\component\work\M2sExt_sb\CoreUARTapb_0_2\rtl\vhdl\core\fifo_256x8_smartfusion2.vhd|i|1475910382|16775
C:\Users\AndersonHan\Desktop\BentoBox\Fpga\component\work\M2sExt_sb\CoreUARTapb_0_2\rtl\vhdl\core\CoreUART.vhd|i|1475910382|20041
C:\Users\AndersonHan\Desktop\BentoBox\Fpga\component\work\M2sExt_sb\CoreUARTapb_0_2\rtl\vhdl\core\CoreUARTapb.vhd|i|1475910382|16798
C:\Users\AndersonHan\Desktop\BentoBox\Fpga\component\work\M2sExt_sb\CoreUARTapb_0_3\rtl\vhdl\core\Clock_gen.vhd|i|1475910382|11341
C:\Users\AndersonHan\Desktop\BentoBox\Fpga\component\work\M2sExt_sb\CoreUARTapb_0_3\rtl\vhdl\core\Rx_async.vhd|i|1475910382|18596
C:\Users\AndersonHan\Desktop\BentoBox\Fpga\component\work\M2sExt_sb\CoreUARTapb_0_3\rtl\vhdl\core\Tx_async.vhd|i|1475910382|10222
C:\Users\AndersonHan\Desktop\BentoBox\Fpga\component\work\M2sExt_sb\CoreUARTapb_0_3\rtl\vhdl\core\fifo_256x8_smartfusion2.vhd|i|1475910382|16775
C:\Users\AndersonHan\Desktop\BentoBox\Fpga\component\work\M2sExt_sb\CoreUARTapb_0_3\rtl\vhdl\core\CoreUART.vhd|i|1475910382|20041
C:\Users\AndersonHan\Desktop\BentoBox\Fpga\component\work\M2sExt_sb\CoreUARTapb_0_3\rtl\vhdl\core\CoreUARTapb.vhd|i|1475910382|16798
C:\Users\AndersonHan\Desktop\BentoBox\Fpga\component\work\M2sExt_sb\CoreUARTapb_0_4\rtl\vhdl\core\Clock_gen.vhd|i|1475910382|11341
C:\Users\AndersonHan\Desktop\BentoBox\Fpga\component\work\M2sExt_sb\CoreUARTapb_0_4\rtl\vhdl\core\Rx_async.vhd|i|1475910382|18596
C:\Users\AndersonHan\Desktop\BentoBox\Fpga\component\work\M2sExt_sb\CoreUARTapb_0_4\rtl\vhdl\core\Tx_async.vhd|i|1475910382|10222
C:\Users\AndersonHan\Desktop\BentoBox\Fpga\component\work\M2sExt_sb\CoreUARTapb_0_4\rtl\vhdl\core\fifo_256x8_smartfusion2.vhd|i|1475910382|16775
C:\Users\AndersonHan\Desktop\BentoBox\Fpga\component\work\M2sExt_sb\CoreUARTapb_0_4\rtl\vhdl\core\CoreUART.vhd|i|1475910382|20041
C:\Users\AndersonHan\Desktop\BentoBox\Fpga\component\work\M2sExt_sb\CoreUARTapb_0_4\rtl\vhdl\core\CoreUARTapb.vhd|i|1475910382|16798
C:\Users\AndersonHan\Desktop\BentoBox\Fpga\component\work\M2sExt_sb\CoreUARTapb_0_5\rtl\vhdl\core\Clock_gen.vhd|i|1475910382|11341
C:\Users\AndersonHan\Desktop\BentoBox\Fpga\component\work\M2sExt_sb\CoreUARTapb_0_5\rtl\vhdl\core\Rx_async.vhd|i|1475910382|18596
C:\Users\AndersonHan\Desktop\BentoBox\Fpga\component\work\M2sExt_sb\CoreUARTapb_0_5\rtl\vhdl\core\Tx_async.vhd|i|1475910382|10222
C:\Users\AndersonHan\Desktop\BentoBox\Fpga\component\work\M2sExt_sb\CoreUARTapb_0_5\rtl\vhdl\core\fifo_256x8_smartfusion2.vhd|i|1475910382|16775
C:\Users\AndersonHan\Desktop\BentoBox\Fpga\component\work\M2sExt_sb\CoreUARTapb_0_5\rtl\vhdl\core\CoreUART.vhd|i|1475910382|20041
C:\Users\AndersonHan\Desktop\BentoBox\Fpga\component\work\M2sExt_sb\CoreUARTapb_0_5\rtl\vhdl\core\CoreUARTapb.vhd|i|1475910382|16798
C:\Users\AndersonHan\Desktop\BentoBox\Fpga\component\work\M2sExt_sb\CoreUARTapb_0_6\rtl\vhdl\core\Clock_gen.vhd|i|1475910382|11341
C:\Users\AndersonHan\Desktop\BentoBox\Fpga\component\work\M2sExt_sb\CoreUARTapb_0_6\rtl\vhdl\core\Rx_async.vhd|i|1475910382|18596
C:\Users\AndersonHan\Desktop\BentoBox\Fpga\component\work\M2sExt_sb\CoreUARTapb_0_6\rtl\vhdl\core\Tx_async.vhd|i|1475910382|10222
C:\Users\AndersonHan\Desktop\BentoBox\Fpga\component\work\M2sExt_sb\CoreUARTapb_0_6\rtl\vhdl\core\fifo_256x8_smartfusion2.vhd|i|1475910382|16775
C:\Users\AndersonHan\Desktop\BentoBox\Fpga\component\work\M2sExt_sb\CoreUARTapb_0_6\rtl\vhdl\core\CoreUART.vhd|i|1475910382|20041
C:\Users\AndersonHan\Desktop\BentoBox\Fpga\component\work\M2sExt_sb\CoreUARTapb_0_6\rtl\vhdl\core\CoreUARTapb.vhd|i|1475910382|16798
C:\Users\AndersonHan\Desktop\BentoBox\Fpga\component\work\M2sExt_sb\CoreUARTapb_0_7\rtl\vhdl\core\Clock_gen.vhd|i|1475910382|11341
C:\Users\AndersonHan\Desktop\BentoBox\Fpga\component\work\M2sExt_sb\CoreUARTapb_0_7\rtl\vhdl\core\Rx_async.vhd|i|1475910382|18596
C:\Users\AndersonHan\Desktop\BentoBox\Fpga\component\work\M2sExt_sb\CoreUARTapb_0_7\rtl\vhdl\core\Tx_async.vhd|i|1475910382|10222
C:\Users\AndersonHan\Desktop\BentoBox\Fpga\component\work\M2sExt_sb\CoreUARTapb_0_7\rtl\vhdl\core\fifo_256x8_smartfusion2.vhd|i|1475910382|16775
C:\Users\AndersonHan\Desktop\BentoBox\Fpga\component\work\M2sExt_sb\CoreUARTapb_0_7\rtl\vhdl\core\CoreUART.vhd|i|1475910382|20041
C:\Users\AndersonHan\Desktop\BentoBox\Fpga\component\work\M2sExt_sb\CoreUARTapb_0_7\rtl\vhdl\core\CoreUARTapb.vhd|i|1475910382|16798
C:\Users\AndersonHan\Desktop\BentoBox\Fpga\component\work\M2sExt_sb\CoreUARTapb_0_8\rtl\vhdl\core\Clock_gen.vhd|i|1475910382|11341
C:\Users\AndersonHan\Desktop\BentoBox\Fpga\component\work\M2sExt_sb\CoreUARTapb_0_8\rtl\vhdl\core\Rx_async.vhd|i|1475910382|18596
C:\Users\AndersonHan\Desktop\BentoBox\Fpga\component\work\M2sExt_sb\CoreUARTapb_0_8\rtl\vhdl\core\Tx_async.vhd|i|1475910382|10222
C:\Users\AndersonHan\Desktop\BentoBox\Fpga\component\work\M2sExt_sb\CoreUARTapb_0_8\rtl\vhdl\core\fifo_256x8_smartfusion2.vhd|i|1475910382|16775
C:\Users\AndersonHan\Desktop\BentoBox\Fpga\component\work\M2sExt_sb\CoreUARTapb_0_8\rtl\vhdl\core\CoreUART.vhd|i|1475910382|20041
C:\Users\AndersonHan\Desktop\BentoBox\Fpga\component\work\M2sExt_sb\CoreUARTapb_0_8\rtl\vhdl\core\CoreUARTapb.vhd|i|1475910382|16798
C:\Users\AndersonHan\Desktop\BentoBox\Fpga\component\work\M2sExt_sb\CoreUARTapb_0_9\rtl\vhdl\core\Clock_gen.vhd|i|1475910382|11341
C:\Users\AndersonHan\Desktop\BentoBox\Fpga\component\work\M2sExt_sb\CoreUARTapb_0_9\rtl\vhdl\core\Rx_async.vhd|i|1475910382|18596
C:\Users\AndersonHan\Desktop\BentoBox\Fpga\component\work\M2sExt_sb\CoreUARTapb_0_9\rtl\vhdl\core\Tx_async.vhd|i|1475910382|10222
C:\Users\AndersonHan\Desktop\BentoBox\Fpga\component\work\M2sExt_sb\CoreUARTapb_0_9\rtl\vhdl\core\fifo_256x8_smartfusion2.vhd|i|1475910382|16775
C:\Users\AndersonHan\Desktop\BentoBox\Fpga\component\work\M2sExt_sb\CoreUARTapb_0_9\rtl\vhdl\core\CoreUART.vhd|i|1475910382|20041
C:\Users\AndersonHan\Desktop\BentoBox\Fpga\component\work\M2sExt_sb\CoreUARTapb_0_9\rtl\vhdl\core\CoreUARTapb.vhd|i|1475910382|16798
C:\Users\AndersonHan\Desktop\BentoBox\Fpga\component\Actel\DirectCore\CoreAHBLite\5.2.100\rtl\vhdl\core\components.vhd|i|1456158712|18793
C:\Users\AndersonHan\Desktop\BentoBox\Fpga\component\Actel\DirectCore\COREAHBTOAPB3\3.1.100\rtl\vhdl\core\components.vhd|i|1456158712|2025
C:\Users\AndersonHan\Desktop\BentoBox\Fpga\component\Actel\DirectCore\CoreAPB3\4.1.100\rtl\vhdl\core\components.vhd|i|1456158713|6172
C:\Users\AndersonHan\Desktop\BentoBox\Fpga\component\Actel\DirectCore\CoreGPIO\3.0.120\rtl\vhdl\core\components.vhd|i|1456231375|7134
C:\Users\AndersonHan\Desktop\BentoBox\Fpga\component\Actel\DirectCore\CORESPI\3.0.156\rtl\vhdl\core\components.vhd|i|1456158713|2044
C:\Users\AndersonHan\Desktop\BentoBox\Fpga\component\work\M2sExt_sb\CoreUARTapb_0_9\rtl\vhdl\core\components.vhd|i|1475910382|2733
C:\Users\AndersonHan\Desktop\BentoBox\Fpga\component\work\M2sExt_sb\M2sExt_sb.vhd|i|1475910385|229697
C:\Users\AndersonHan\Desktop\BentoBox\Fpga\component\work\M2sExt\M2sExt.vhd|i|1475910456|23931
C:\Microsemi\Libero_SoC_v11.7\Synplify\bin\c_hdl.exe|i|1449192922|1295872
C:\Microsemi\Libero_SoC_v11.7\Synplify\bin64\c_hdl.exe|i|1449192924|1897472
